# JRE version: Java(TM) SE Runtime Environment (8.0_181-b13) (build 1.8.0_181-b13)
# Java VM: Java HotSpot(TM) 64-Bit Server VM (25.181-b13 mixed mode windows-amd64 compressed oops)
Heap:
 PSYoungGen      total 176640K, used 25321K [0x000000076bc00000, 0x000000077e000000, 0x00000007c0000000)
  eden space 160768K, 6% used [0x000000076bc00000,0x000000076c5ef0c0,0x0000000775900000)
  from space 15872K, 95% used [0x0000000775900000,0x00000007767cb488,0x0000000776880000)
  to   space 17920K, 0% used [0x000000077ce80000,0x000000077ce80000,0x000000077e000000)
 ParOldGen       total 138240K, used 16196K [0x00000006c3400000, 0x00000006cbb00000, 0x000000076bc00000)
  object space 138240K, 11% used [0x00000006c3400000,0x00000006c43d1168,0x00000006cbb00000)
 Metaspace       used 45745K, capacity 48352K, committed 48640K, reserved 1091584K
  class space    used 6061K, capacity 6571K, committed 6656K, reserved 1048576K
GC Heap History (10 events):
Event: 1.822 GC heap before
{Heap before GC invocations=5 (full 1):
 PSYoungGen      total 75776K, used 65024K [0x000000076bc00000, 0x0000000775000000, 0x00000007c0000000)
  eden space 65024K, 100% used [0x000000076bc00000,0x000000076fb80000,0x000000076fb80000)
  from space 10752K, 0% used [0x000000076fb80000,0x000000076fb80000,0x0000000770600000)
  to   space 10752K, 0% used [0x0000000774580000,0x0000000774580000,0x0000000775000000)
 ParOldGen       total 100864K, used 8659K [0x00000006c3400000, 0x00000006c9680000, 0x000000076bc00000)
  object space 100864K, 8% used [0x00000006c3400000,0x00000006c3c74d00,0x00000006c9680000)
 Metaspace       used 23564K, capacity 24958K, committed 25088K, reserved 1071104K
  class space    used 3203K, capacity 3497K, committed 3584K, reserved 1048576K
Event: 1.826 GC heap after
Heap after GC invocations=5 (full 1):
 PSYoungGen      total 110080K, used 6567K [0x000000076bc00000, 0x0000000774c00000, 0x00000007c0000000)
  eden space 103424K, 0% used [0x000000076bc00000,0x000000076bc00000,0x0000000772100000)
  from space 6656K, 98% used [0x0000000774580000,0x0000000774be9c20,0x0000000774c00000)
  to   space 10752K, 0% used [0x0000000773700000,0x0000000773700000,0x0000000774180000)
 ParOldGen       total 100864K, used 8667K [0x00000006c3400000, 0x00000006c9680000, 0x000000076bc00000)
  object space 100864K, 8% used [0x00000006c3400000,0x00000006c3c76d00,0x00000006c9680000)
 Metaspace       used 23564K, capacity 24958K, committed 25088K, reserved 1071104K
  class space    used 3203K, capacity 3497K, committed 3584K, reserved 1048576K
}
Event: 2.714 GC heap before
{Heap before GC invocations=6 (full 1):
 PSYoungGen      total 110080K, used 109991K [0x000000076bc00000, 0x0000000774c00000, 0x00000007c0000000)
  eden space 103424K, 100% used [0x000000076bc00000,0x0000000772100000,0x0000000772100000)
  from space 6656K, 98% used [0x0000000774580000,0x0000000774be9c20,0x0000000774c00000)
  to   space 10752K, 0% used [0x0000000773700000,0x0000000773700000,0x0000000774180000)
 ParOldGen       total 100864K, used 8667K [0x00000006c3400000, 0x00000006c9680000, 0x000000076bc00000)
  object space 100864K, 8% used [0x00000006c3400000,0x00000006c3c76d00,0x00000006c9680000)
 Metaspace       used 32372K, capacity 34406K, committed 34688K, reserved 1079296K
  class space    used 4256K, capacity 4657K, committed 4736K, reserved 1048576K
Event: 2.721 GC heap after
Heap after GC invocations=6 (full 1):
 PSYoungGen      total 136704K, used 10745K [0x000000076bc00000, 0x0000000777900000, 0x00000007c0000000)
  eden space 125952K, 0% used [0x000000076bc00000,0x000000076bc00000,0x0000000773700000)
  from space 10752K, 99% used [0x0000000773700000,0x000000077417e5a8,0x0000000774180000)
  to   space 16896K, 0% used [0x0000000776880000,0x0000000776880000,0x0000000777900000)
 ParOldGen       total 100864K, used 13027K [0x00000006c3400000, 0x00000006c9680000, 0x000000076bc00000)
  object space 100864K, 12% used [0x00000006c3400000,0x00000006c40b8f88,0x00000006c9680000)
 Metaspace       used 32372K, capacity 34406K, committed 34688K, reserved 1079296K
  class space    used 4256K, capacity 4657K, committed 4736K, reserved 1048576K
}
Event: 2.755 GC heap before
{Heap before GC invocations=7 (full 1):
 PSYoungGen      total 136704K, used 22364K [0x000000076bc00000, 0x0000000777900000, 0x00000007c0000000)
  eden space 125952K, 9% used [0x000000076bc00000,0x000000076c758ab0,0x0000000773700000)
  from space 10752K, 99% used [0x0000000773700000,0x000000077417e5a8,0x0000000774180000)
  to   space 16896K, 0% used [0x0000000776880000,0x0000000776880000,0x0000000777900000)
 ParOldGen       total 100864K, used 13027K [0x00000006c3400000, 0x00000006c9680000, 0x000000076bc00000)
  object space 100864K, 12% used [0x00000006c3400000,0x00000006c40b8f88,0x00000006c9680000)
 Metaspace       used 33349K, capacity 35322K, committed 35496K, reserved 1079296K
  class space    used 4370K, capacity 4747K, committed 4864K, reserved 1048576K
Event: 2.760 GC heap after
Heap after GC invocations=7 (full 1):
 PSYoungGen      total 177664K, used 9359K [0x000000076bc00000, 0x000000077b180000, 0x00000007c0000000)
  eden space 160768K, 0% used [0x000000076bc00000,0x000000076bc00000,0x0000000775900000)
  from space 16896K, 55% used [0x0000000776880000,0x00000007771a3d90,0x0000000777900000)
  to   space 15872K, 0% used [0x0000000775900000,0x0000000775900000,0x0000000776880000)
 ParOldGen       total 100864K, used 13035K [0x00000006c3400000, 0x00000006c9680000, 0x000000076bc00000)
  object space 100864K, 12% used [0x00000006c3400000,0x00000006c40baf88,0x00000006c9680000)
 Metaspace       used 33349K, capacity 35322K, committed 35496K, reserved 1079296K
  class space    used 4370K, capacity 4747K, committed 4864K, reserved 1048576K
}
Event: 2.760 GC heap before
{Heap before GC invocations=8 (full 2):
 PSYoungGen      total 177664K, used 9359K [0x000000076bc00000, 0x000000077b180000, 0x00000007c0000000)
  eden space 160768K, 0% used [0x000000076bc00000,0x000000076bc00000,0x0000000775900000)
  from space 16896K, 55% used [0x0000000776880000,0x00000007771a3d90,0x0000000777900000)
  to   space 15872K, 0% used [0x0000000775900000,0x0000000775900000,0x0000000776880000)
 ParOldGen       total 100864K, used 13035K [0x00000006c3400000, 0x00000006c9680000, 0x000000076bc00000)
  object space 100864K, 12% used [0x00000006c3400000,0x00000006c40baf88,0x00000006c9680000)
 Metaspace       used 33349K, capacity 35322K, committed 35496K, reserved 1079296K
  class space    used 4370K, capacity 4747K, committed 4864K, reserved 1048576K
Event: 2.790 GC heap after
Heap after GC invocations=8 (full 2):
 PSYoungGen      total 177664K, used 0K [0x000000076bc00000, 0x000000077b180000, 0x00000007c0000000)
  eden space 160768K, 0% used [0x000000076bc00000,0x000000076bc00000,0x0000000775900000)
  from space 16896K, 0% used [0x0000000776880000,0x0000000776880000,0x0000000777900000)
  to   space 15872K, 0% used [0x0000000775900000,0x0000000775900000,0x0000000776880000)
 ParOldGen       total 138240K, used 16124K [0x00000006c3400000, 0x00000006cbb00000, 0x000000076bc00000)
  object space 138240K, 11% used [0x00000006c3400000,0x00000006c43bf158,0x00000006cbb00000)
 Metaspace       used 33349K, capacity 35322K, committed 35496K, reserved 1079296K
  class space    used 4370K, capacity 4747K, committed 4864K, reserved 1048576K
}
Event: 13.922 GC heap before
{Heap before GC invocations=9 (full 2):
 PSYoungGen      total 177664K, used 160768K [0x000000076bc00000, 0x000000077b180000, 0x00000007c0000000)
  eden space 160768K, 100% used [0x000000076bc00000,0x0000000775900000,0x0000000775900000)
  from space 16896K, 0% used [0x0000000776880000,0x0000000776880000,0x0000000777900000)
  to   space 15872K, 0% used [0x0000000775900000,0x0000000775900000,0x0000000776880000)
 ParOldGen       total 138240K, used 16124K [0x00000006c3400000, 0x00000006cbb00000, 0x000000076bc00000)
  object space 138240K, 11% used [0x00000006c3400000,0x00000006c43bf158,0x00000006cbb00000)
 Metaspace       used 44678K, capacity 47354K, committed 47488K, reserved 1089536K
  class space    used 5928K, capacity 6410K, committed 6528K, reserved 1048576K
Event: 13.933 GC heap after
Heap after GC invocations=9 (full 2):
 PSYoungGen      total 176640K, used 15149K [0x000000076bc00000, 0x000000077e000000, 0x00000007c0000000)
  eden space 160768K, 0% used [0x000000076bc00000,0x000000076bc00000,0x0000000775900000)
  from space 15872K, 95% used [0x0000000775900000,0x00000007767cb488,0x0000000776880000)
  to   space 17920K, 0% used [0x000000077ce80000,0x000000077ce80000,0x000000077e000000)
 ParOldGen       total 138240K, used 16196K [0x00000006c3400000, 0x00000006cbb00000, 0x000000076bc00000)
  object space 138240K, 11% used [0x00000006c3400000,0x00000006c43d1168,0x00000006cbb00000)
 Metaspace       used 44678K, capacity 47354K, committed 47488K, reserved 1089536K
  class space    used 5928K, capacity 6410K, committed 6528K, reserved 1048576K
}

