# JRE version: Java(TM) SE Runtime Environment (8.0_181-b13) (build 1.8.0_181-b13)
# Java VM: Java HotSpot(TM) 64-Bit Server VM (25.181-b13 mixed mode windows-amd64 compressed oops)
Heap:
 PSYoungGen      total 136192K, used 15718K [0x000000076bc00000, 0x0000000775200000, 0x00000007c0000000)
  eden space 123904K, 4% used [0x000000076bc00000,0x000000076c1de008,0x0000000773500000)
  from space 12288K, 79% used [0x0000000774280000,0x0000000774bfb988,0x0000000774e80000)
  to   space 13824K, 0% used [0x0000000773500000,0x0000000773500000,0x0000000774280000)
 ParOldGen       total 164352K, used 60405K [0x00000006c3400000, 0x00000006cd480000, 0x000000076bc00000)
  object space 164352K, 36% used [0x00000006c3400000,0x00000006c6efd6f8,0x00000006cd480000)
 Metaspace       used 48475K, capacity 51716K, committed 51840K, reserved 1093632K
  class space    used 6430K, capacity 7015K, committed 7040K, reserved 1048576K
GC Heap History (10 events):
Event: 29665.288 GC heap before
{Heap before GC invocations=258 (full 2):
 PSYoungGen      total 100864K, used 100838K [0x000000076bc00000, 0x0000000772400000, 0x00000007c0000000)
  eden space 98816K, 100% used [0x000000076bc00000,0x0000000771c80000,0x0000000771c80000)
  from space 2048K, 98% used [0x0000000771c80000,0x0000000771e79a90,0x0000000771e80000)
  to   space 2560K, 0% used [0x0000000772180000,0x0000000772180000,0x0000000772400000)
 ParOldGen       total 164352K, used 47468K [0x00000006c3400000, 0x00000006cd480000, 0x000000076bc00000)
  object space 164352K, 28% used [0x00000006c3400000,0x00000006c625b0a0,0x00000006cd480000)
 Metaspace       used 48202K, capacity 51480K, committed 51584K, reserved 1093632K
  class space    used 6390K, capacity 6981K, committed 7040K, reserved 1048576K
Event: 29665.646 GC heap after
Heap after GC invocations=258 (full 2):
 PSYoungGen      total 100352K, used 2543K [0x000000076bc00000, 0x0000000773380000, 0x00000007c0000000)
  eden space 97792K, 0% used [0x000000076bc00000,0x000000076bc00000,0x0000000771b80000)
  from space 2560K, 99% used [0x0000000772180000,0x00000007723fbcc8,0x0000000772400000)
  to   space 6144K, 0% used [0x0000000771b80000,0x0000000771b80000,0x0000000772180000)
 ParOldGen       total 164352K, used 55396K [0x00000006c3400000, 0x00000006cd480000, 0x000000076bc00000)
  object space 164352K, 33% used [0x00000006c3400000,0x00000006c6a19368,0x00000006cd480000)
 Metaspace       used 48202K, capacity 51480K, committed 51584K, reserved 1093632K
  class space    used 6390K, capacity 6981K, committed 7040K, reserved 1048576K
}
Event: 29668.621 GC heap before
{Heap before GC invocations=259 (full 2):
 PSYoungGen      total 100352K, used 100335K [0x000000076bc00000, 0x0000000773380000, 0x00000007c0000000)
  eden space 97792K, 100% used [0x000000076bc00000,0x0000000771b80000,0x0000000771b80000)
  from space 2560K, 99% used [0x0000000772180000,0x00000007723fbcc8,0x0000000772400000)
  to   space 6144K, 0% used [0x0000000771b80000,0x0000000771b80000,0x0000000772180000)
 ParOldGen       total 164352K, used 55396K [0x00000006c3400000, 0x00000006cd480000, 0x000000076bc00000)
  object space 164352K, 33% used [0x00000006c3400000,0x00000006c6a19368,0x00000006cd480000)
 Metaspace       used 48298K, capacity 51550K, committed 51840K, reserved 1093632K
  class space    used 6409K, capacity 6982K, committed 7040K, reserved 1048576K
Event: 29668.737 GC heap after
Heap after GC invocations=259 (full 2):
 PSYoungGen      total 103936K, used 6125K [0x000000076bc00000, 0x0000000773680000, 0x00000007c0000000)
  eden space 97792K, 0% used [0x000000076bc00000,0x000000076bc00000,0x0000000771b80000)
  from space 6144K, 99% used [0x0000000771b80000,0x000000077217b780,0x0000000772180000)
  to   space 8192K, 0% used [0x0000000772e80000,0x0000000772e80000,0x0000000773680000)
 ParOldGen       total 164352K, used 57908K [0x00000006c3400000, 0x00000006cd480000, 0x000000076bc00000)
  object space 164352K, 35% used [0x00000006c3400000,0x00000006c6c8d2e8,0x00000006cd480000)
 Metaspace       used 48298K, capacity 51550K, committed 51840K, reserved 1093632K
  class space    used 6409K, capacity 6982K, committed 7040K, reserved 1048576K
}
Event: 29669.472 GC heap before
{Heap before GC invocations=260 (full 2):
 PSYoungGen      total 103936K, used 103917K [0x000000076bc00000, 0x0000000773680000, 0x00000007c0000000)
  eden space 97792K, 100% used [0x000000076bc00000,0x0000000771b80000,0x0000000771b80000)
  from space 6144K, 99% used [0x0000000771b80000,0x000000077217b780,0x0000000772180000)
  to   space 8192K, 0% used [0x0000000772e80000,0x0000000772e80000,0x0000000773680000)
 ParOldGen       total 164352K, used 57908K [0x00000006c3400000, 0x00000006cd480000, 0x000000076bc00000)
  object space 164352K, 35% used [0x00000006c3400000,0x00000006c6c8d2e8,0x00000006cd480000)
 Metaspace       used 48474K, capacity 51716K, committed 51840K, reserved 1093632K
  class space    used 6430K, capacity 7015K, committed 7040K, reserved 1048576K
Event: 29669.598 GC heap after
Heap after GC invocations=260 (full 2):
 PSYoungGen      total 115200K, used 8177K [0x000000076bc00000, 0x0000000773d80000, 0x00000007c0000000)
  eden space 107008K, 0% used [0x000000076bc00000,0x000000076bc00000,0x0000000772480000)
  from space 8192K, 99% used [0x0000000772e80000,0x000000077367c480,0x0000000773680000)
  to   space 10240K, 0% used [0x0000000772480000,0x0000000772480000,0x0000000772e80000)
 ParOldGen       total 164352K, used 60165K [0x00000006c3400000, 0x00000006cd480000, 0x000000076bc00000)
  object space 164352K, 36% used [0x00000006c3400000,0x00000006c6ec1508,0x00000006cd480000)
 Metaspace       used 48474K, capacity 51716K, committed 51840K, reserved 1093632K
  class space    used 6430K, capacity 7015K, committed 7040K, reserved 1048576K
}
Event: 29670.465 GC heap before
{Heap before GC invocations=261 (full 2):
 PSYoungGen      total 115200K, used 115185K [0x000000076bc00000, 0x0000000773d80000, 0x00000007c0000000)
  eden space 107008K, 100% used [0x000000076bc00000,0x0000000772480000,0x0000000772480000)
  from space 8192K, 99% used [0x0000000772e80000,0x000000077367c480,0x0000000773680000)
  to   space 10240K, 0% used [0x0000000772480000,0x0000000772480000,0x0000000772e80000)
 ParOldGen       total 164352K, used 60165K [0x00000006c3400000, 0x00000006cd480000, 0x000000076bc00000)
  object space 164352K, 36% used [0x00000006c3400000,0x00000006c6ec1508,0x00000006cd480000)
 Metaspace       used 48475K, capacity 51716K, committed 51840K, reserved 1093632K
  class space    used 6430K, capacity 7015K, committed 7040K, reserved 1048576K
Event: 29670.986 GC heap after
Heap after GC invocations=261 (full 2):
 PSYoungGen      total 117248K, used 10234K [0x000000076bc00000, 0x0000000774e80000, 0x00000007c0000000)
  eden space 107008K, 0% used [0x000000076bc00000,0x000000076bc00000,0x0000000772480000)
  from space 10240K, 99% used [0x0000000772480000,0x0000000772e7e890,0x0000000772e80000)
  to   space 12288K, 0% used [0x0000000774280000,0x0000000774280000,0x0000000774e80000)
 ParOldGen       total 164352K, used 60389K [0x00000006c3400000, 0x00000006cd480000, 0x000000076bc00000)
  object space 164352K, 36% used [0x00000006c3400000,0x00000006c6ef96f8,0x00000006cd480000)
 Metaspace       used 48475K, capacity 51716K, committed 51840K, reserved 1093632K
  class space    used 6430K, capacity 7015K, committed 7040K, reserved 1048576K
}
Event: 29677.272 GC heap before
{Heap before GC invocations=262 (full 2):
 PSYoungGen      total 117248K, used 117242K [0x000000076bc00000, 0x0000000774e80000, 0x00000007c0000000)
  eden space 107008K, 100% used [0x000000076bc00000,0x0000000772480000,0x0000000772480000)
  from space 10240K, 99% used [0x0000000772480000,0x0000000772e7e890,0x0000000772e80000)
  to   space 12288K, 0% used [0x0000000774280000,0x0000000774280000,0x0000000774e80000)
 ParOldGen       total 164352K, used 60389K [0x00000006c3400000, 0x00000006cd480000, 0x000000076bc00000)
  object space 164352K, 36% used [0x00000006c3400000,0x00000006c6ef96f8,0x00000006cd480000)
 Metaspace       used 48475K, capacity 51716K, committed 51840K, reserved 1093632K
  class space    used 6430K, capacity 7015K, committed 7040K, reserved 1048576K
Event: 29679.821 GC heap after
Heap after GC invocations=262 (full 2):
 PSYoungGen      total 136192K, used 9710K [0x000000076bc00000, 0x0000000775200000, 0x00000007c0000000)
  eden space 123904K, 0% used [0x000000076bc00000,0x000000076bc00000,0x0000000773500000)
  from space 12288K, 79% used [0x0000000774280000,0x0000000774bfb988,0x0000000774e80000)
  to   space 13824K, 0% used [0x0000000773500000,0x0000000773500000,0x0000000774280000)
 ParOldGen       total 164352K, used 60405K [0x00000006c3400000, 0x00000006cd480000, 0x000000076bc00000)
  object space 164352K, 36% used [0x00000006c3400000,0x00000006c6efd6f8,0x00000006cd480000)
 Metaspace       used 48475K, capacity 51716K, committed 51840K, reserved 1093632K
  class space    used 6430K, capacity 7015K, committed 7040K, reserved 1048576K
}

