# JRE version: Java(TM) SE Runtime Environment (8.0_181-b13) (build 1.8.0_181-b13)
# Java VM: Java HotSpot(TM) 64-Bit Server VM (25.181-b13 mixed mode windows-amd64 compressed oops)
Heap:
 PSYoungGen      total 181248K, used 164123K [0x000000076bc00000, 0x000000077b180000, 0x00000007c0000000)
  eden space 164352K, 99% used [0x000000076bc00000,0x0000000775c46ce0,0x0000000775c80000)
  from space 16896K, 0% used [0x0000000776c00000,0x0000000776c00000,0x0000000777c80000)
  to   space 15872K, 0% used [0x0000000775c80000,0x0000000775c80000,0x0000000776c00000)
 ParOldGen       total 145920K, used 15437K [0x00000006c3400000, 0x00000006cc280000, 0x000000076bc00000)
  object space 145920K, 10% used [0x00000006c3400000,0x00000006c4313488,0x00000006cc280000)
 Metaspace       used 45733K, capacity 48356K, committed 48640K, reserved 1091584K
  class space    used 6058K, capacity 6571K, committed 6656K, reserved 1048576K
GC Heap History (10 events):
Event: 1.519 GC heap before
{Heap before GC invocations=4 (full 1):
 PSYoungGen      total 75776K, used 8964K [0x000000076bc00000, 0x0000000775000000, 0x00000007c0000000)
  eden space 65024K, 0% used [0x000000076bc00000,0x000000076bc00000,0x000000076fb80000)
  from space 10752K, 83% used [0x000000076fb80000,0x0000000770441168,0x0000000770600000)
  to   space 10752K, 0% used [0x0000000774580000,0x0000000774580000,0x0000000775000000)
 ParOldGen       total 173568K, used 1886K [0x00000006c3400000, 0x00000006cdd80000, 0x000000076bc00000)
  object space 173568K, 1% used [0x00000006c3400000,0x00000006c35d7b18,0x00000006cdd80000)
 Metaspace       used 20284K, capacity 21250K, committed 21296K, reserved 1067008K
  class space    used 2683K, capacity 2927K, committed 2944K, reserved 1048576K
Event: 1.540 GC heap after
Heap after GC invocations=4 (full 1):
 PSYoungGen      total 75776K, used 0K [0x000000076bc00000, 0x0000000775000000, 0x00000007c0000000)
  eden space 65024K, 0% used [0x000000076bc00000,0x000000076bc00000,0x000000076fb80000)
  from space 10752K, 0% used [0x000000076fb80000,0x000000076fb80000,0x0000000770600000)
  to   space 10752K, 0% used [0x0000000774580000,0x0000000774580000,0x0000000775000000)
 ParOldGen       total 100352K, used 8632K [0x00000006c3400000, 0x00000006c9600000, 0x000000076bc00000)
  object space 100352K, 8% used [0x00000006c3400000,0x00000006c3c6e0c0,0x00000006c9600000)
 Metaspace       used 20284K, capacity 21250K, committed 21296K, reserved 1067008K
  class space    used 2683K, capacity 2927K, committed 2944K, reserved 1048576K
}
Event: 1.887 GC heap before
{Heap before GC invocations=5 (full 1):
 PSYoungGen      total 75776K, used 65024K [0x000000076bc00000, 0x0000000775000000, 0x00000007c0000000)
  eden space 65024K, 100% used [0x000000076bc00000,0x000000076fb80000,0x000000076fb80000)
  from space 10752K, 0% used [0x000000076fb80000,0x000000076fb80000,0x0000000770600000)
  to   space 10752K, 0% used [0x0000000774580000,0x0000000774580000,0x0000000775000000)
 ParOldGen       total 100352K, used 8632K [0x00000006c3400000, 0x00000006c9600000, 0x000000076bc00000)
  object space 100352K, 8% used [0x00000006c3400000,0x00000006c3c6e0c0,0x00000006c9600000)
 Metaspace       used 23567K, capacity 24958K, committed 25088K, reserved 1071104K
  class space    used 3203K, capacity 3497K, committed 3584K, reserved 1048576K
Event: 1.891 GC heap after
Heap after GC invocations=5 (full 1):
 PSYoungGen      total 111104K, used 6560K [0x000000076bc00000, 0x0000000774c00000, 0x00000007c0000000)
  eden space 104448K, 0% used [0x000000076bc00000,0x000000076bc00000,0x0000000772200000)
  from space 6656K, 98% used [0x0000000774580000,0x0000000774be80a8,0x0000000774c00000)
  to   space 10752K, 0% used [0x0000000773700000,0x0000000773700000,0x0000000774180000)
 ParOldGen       total 100352K, used 8640K [0x00000006c3400000, 0x00000006c9600000, 0x000000076bc00000)
  object space 100352K, 8% used [0x00000006c3400000,0x00000006c3c700c0,0x00000006c9600000)
 Metaspace       used 23567K, capacity 24958K, committed 25088K, reserved 1071104K
  class space    used 3203K, capacity 3497K, committed 3584K, reserved 1048576K
}
Event: 2.804 GC heap before
{Heap before GC invocations=6 (full 1):
 PSYoungGen      total 111104K, used 111008K [0x000000076bc00000, 0x0000000774c00000, 0x00000007c0000000)
  eden space 104448K, 100% used [0x000000076bc00000,0x0000000772200000,0x0000000772200000)
  from space 6656K, 98% used [0x0000000774580000,0x0000000774be80a8,0x0000000774c00000)
  to   space 10752K, 0% used [0x0000000773700000,0x0000000773700000,0x0000000774180000)
 ParOldGen       total 100352K, used 8640K [0x00000006c3400000, 0x00000006c9600000, 0x000000076bc00000)
  object space 100352K, 8% used [0x00000006c3400000,0x00000006c3c700c0,0x00000006c9600000)
 Metaspace       used 32403K, capacity 34342K, committed 34688K, reserved 1079296K
  class space    used 4259K, capacity 4657K, committed 4736K, reserved 1048576K
Event: 2.813 GC heap after
Heap after GC invocations=6 (full 1):
 PSYoungGen      total 136704K, used 10729K [0x000000076bc00000, 0x0000000777c80000, 0x00000007c0000000)
  eden space 125952K, 0% used [0x000000076bc00000,0x000000076bc00000,0x0000000773700000)
  from space 10752K, 99% used [0x0000000773700000,0x000000077417a4c0,0x0000000774180000)
  to   space 16896K, 0% used [0x0000000776c00000,0x0000000776c00000,0x0000000777c80000)
 ParOldGen       total 100352K, used 12898K [0x00000006c3400000, 0x00000006c9600000, 0x000000076bc00000)
  object space 100352K, 12% used [0x00000006c3400000,0x00000006c4098918,0x00000006c9600000)
 Metaspace       used 32403K, capacity 34342K, committed 34688K, reserved 1079296K
  class space    used 4259K, capacity 4657K, committed 4736K, reserved 1048576K
}
Event: 2.848 GC heap before
{Heap before GC invocations=7 (full 1):
 PSYoungGen      total 136704K, used 22184K [0x000000076bc00000, 0x0000000777c80000, 0x00000007c0000000)
  eden space 125952K, 9% used [0x000000076bc00000,0x000000076c72fd50,0x0000000773700000)
  from space 10752K, 99% used [0x0000000773700000,0x000000077417a4c0,0x0000000774180000)
  to   space 16896K, 0% used [0x0000000776c00000,0x0000000776c00000,0x0000000777c80000)
 ParOldGen       total 100352K, used 12898K [0x00000006c3400000, 0x00000006c9600000, 0x000000076bc00000)
  object space 100352K, 12% used [0x00000006c3400000,0x00000006c4098918,0x00000006c9600000)
 Metaspace       used 33347K, capacity 35322K, committed 35496K, reserved 1079296K
  class space    used 4369K, capacity 4747K, committed 4864K, reserved 1048576K
Event: 2.852 GC heap after
Heap after GC invocations=7 (full 1):
 PSYoungGen      total 181248K, used 9258K [0x000000076bc00000, 0x000000077b180000, 0x00000007c0000000)
  eden space 164352K, 0% used [0x000000076bc00000,0x000000076bc00000,0x0000000775c80000)
  from space 16896K, 54% used [0x0000000776c00000,0x000000077750aa28,0x0000000777c80000)
  to   space 15872K, 0% used [0x0000000775c80000,0x0000000775c80000,0x0000000776c00000)
 ParOldGen       total 100352K, used 12906K [0x00000006c3400000, 0x00000006c9600000, 0x000000076bc00000)
  object space 100352K, 12% used [0x00000006c3400000,0x00000006c409a918,0x00000006c9600000)
 Metaspace       used 33347K, capacity 35322K, committed 35496K, reserved 1079296K
  class space    used 4369K, capacity 4747K, committed 4864K, reserved 1048576K
}
Event: 2.852 GC heap before
{Heap before GC invocations=8 (full 2):
 PSYoungGen      total 181248K, used 9258K [0x000000076bc00000, 0x000000077b180000, 0x00000007c0000000)
  eden space 164352K, 0% used [0x000000076bc00000,0x000000076bc00000,0x0000000775c80000)
  from space 16896K, 54% used [0x0000000776c00000,0x000000077750aa28,0x0000000777c80000)
  to   space 15872K, 0% used [0x0000000775c80000,0x0000000775c80000,0x0000000776c00000)
 ParOldGen       total 100352K, used 12906K [0x00000006c3400000, 0x00000006c9600000, 0x000000076bc00000)
  object space 100352K, 12% used [0x00000006c3400000,0x00000006c409a918,0x00000006c9600000)
 Metaspace       used 33347K, capacity 35322K, committed 35496K, reserved 1079296K
  class space    used 4369K, capacity 4747K, committed 4864K, reserved 1048576K
Event: 2.907 GC heap after
Heap after GC invocations=8 (full 2):
 PSYoungGen      total 181248K, used 0K [0x000000076bc00000, 0x000000077b180000, 0x00000007c0000000)
  eden space 164352K, 0% used [0x000000076bc00000,0x000000076bc00000,0x0000000775c80000)
  from space 16896K, 0% used [0x0000000776c00000,0x0000000776c00000,0x0000000777c80000)
  to   space 15872K, 0% used [0x0000000775c80000,0x0000000775c80000,0x0000000776c00000)
 ParOldGen       total 145920K, used 15437K [0x00000006c3400000, 0x00000006cc280000, 0x000000076bc00000)
  object space 145920K, 10% used [0x00000006c3400000,0x00000006c4313488,0x00000006cc280000)
 Metaspace       used 33347K, capacity 35322K, committed 35496K, reserved 1079296K
  class space    used 4369K, capacity 4747K, committed 4864K, reserved 1048576K
}

