# JRE version: Java(TM) SE Runtime Environment (8.0_181-b13) (build 1.8.0_181-b13)
# Java VM: Java HotSpot(TM) 64-Bit Server VM (25.181-b13 mixed mode windows-amd64 compressed oops)
Heap:
 PSYoungGen      total 174080K, used 27969K [0x000000076bc00000, 0x000000077cc00000, 0x00000007c0000000)
  eden space 158208K, 8% used [0x000000076bc00000,0x000000076c8d4fd8,0x0000000775680000)
  from space 15872K, 93% used [0x0000000775680000,0x00000007764fb658,0x0000000776600000)
  to   space 17408K, 0% used [0x000000077bb00000,0x000000077bb00000,0x000000077cc00000)
 ParOldGen       total 146432K, used 15504K [0x00000006c3400000, 0x00000006cc300000, 0x000000076bc00000)
  object space 146432K, 10% used [0x00000006c3400000,0x00000006c4324160,0x00000006cc300000)
 Metaspace       used 45743K, capacity 48352K, committed 48640K, reserved 1091584K
  class space    used 6058K, capacity 6571K, committed 6656K, reserved 1048576K
GC Heap History (10 events):
Event: 1.908 GC heap before
{Heap before GC invocations=5 (full 1):
 PSYoungGen      total 75776K, used 65024K [0x000000076bc00000, 0x0000000775000000, 0x00000007c0000000)
  eden space 65024K, 100% used [0x000000076bc00000,0x000000076fb80000,0x000000076fb80000)
  from space 10752K, 0% used [0x000000076fb80000,0x000000076fb80000,0x0000000770600000)
  to   space 10752K, 0% used [0x0000000774580000,0x0000000774580000,0x0000000775000000)
 ParOldGen       total 101888K, used 8664K [0x00000006c3400000, 0x00000006c9780000, 0x000000076bc00000)
  object space 101888K, 8% used [0x00000006c3400000,0x00000006c3c76370,0x00000006c9780000)
 Metaspace       used 23574K, capacity 24958K, committed 25088K, reserved 1071104K
  class space    used 3203K, capacity 3497K, committed 3584K, reserved 1048576K
Event: 1.912 GC heap after
Heap after GC invocations=5 (full 1):
 PSYoungGen      total 109056K, used 6541K [0x000000076bc00000, 0x0000000774c00000, 0x00000007c0000000)
  eden space 102400K, 0% used [0x000000076bc00000,0x000000076bc00000,0x0000000772000000)
  from space 6656K, 98% used [0x0000000774580000,0x0000000774be3410,0x0000000774c00000)
  to   space 10752K, 0% used [0x0000000773700000,0x0000000773700000,0x0000000774180000)
 ParOldGen       total 101888K, used 8672K [0x00000006c3400000, 0x00000006c9780000, 0x000000076bc00000)
  object space 101888K, 8% used [0x00000006c3400000,0x00000006c3c78370,0x00000006c9780000)
 Metaspace       used 23574K, capacity 24958K, committed 25088K, reserved 1071104K
  class space    used 3203K, capacity 3497K, committed 3584K, reserved 1048576K
}
Event: 2.846 GC heap before
{Heap before GC invocations=6 (full 1):
 PSYoungGen      total 109056K, used 108941K [0x000000076bc00000, 0x0000000774c00000, 0x00000007c0000000)
  eden space 102400K, 100% used [0x000000076bc00000,0x0000000772000000,0x0000000772000000)
  from space 6656K, 98% used [0x0000000774580000,0x0000000774be3410,0x0000000774c00000)
  to   space 10752K, 0% used [0x0000000773700000,0x0000000773700000,0x0000000774180000)
 ParOldGen       total 101888K, used 8672K [0x00000006c3400000, 0x00000006c9780000, 0x000000076bc00000)
  object space 101888K, 8% used [0x00000006c3400000,0x00000006c3c78370,0x00000006c9780000)
 Metaspace       used 32304K, capacity 34272K, committed 34432K, reserved 1079296K
  class space    used 4248K, capacity 4656K, committed 4736K, reserved 1048576K
Event: 2.855 GC heap after
Heap after GC invocations=6 (full 1):
 PSYoungGen      total 136704K, used 10733K [0x000000076bc00000, 0x0000000777600000, 0x00000007c0000000)
  eden space 125952K, 0% used [0x000000076bc00000,0x000000076bc00000,0x0000000773700000)
  from space 10752K, 99% used [0x0000000773700000,0x000000077417b698,0x0000000774180000)
  to   space 16384K, 0% used [0x0000000776600000,0x0000000776600000,0x0000000777600000)
 ParOldGen       total 101888K, used 12764K [0x00000006c3400000, 0x00000006c9780000, 0x000000076bc00000)
  object space 101888K, 12% used [0x00000006c3400000,0x00000006c4077180,0x00000006c9780000)
 Metaspace       used 32304K, capacity 34272K, committed 34432K, reserved 1079296K
  class space    used 4248K, capacity 4656K, committed 4736K, reserved 1048576K
}
Event: 2.897 GC heap before
{Heap before GC invocations=7 (full 1):
 PSYoungGen      total 136704K, used 23827K [0x000000076bc00000, 0x0000000777600000, 0x00000007c0000000)
  eden space 125952K, 10% used [0x000000076bc00000,0x000000076c8c9748,0x0000000773700000)
  from space 10752K, 99% used [0x0000000773700000,0x000000077417b698,0x0000000774180000)
  to   space 16384K, 0% used [0x0000000776600000,0x0000000776600000,0x0000000777600000)
 ParOldGen       total 101888K, used 12764K [0x00000006c3400000, 0x00000006c9780000, 0x000000076bc00000)
  object space 101888K, 12% used [0x00000006c3400000,0x00000006c4077180,0x00000006c9780000)
 Metaspace       used 33354K, capacity 35322K, committed 35496K, reserved 1079296K
  class space    used 4369K, capacity 4747K, committed 4864K, reserved 1048576K
Event: 2.902 GC heap after
Heap after GC invocations=7 (full 1):
 PSYoungGen      total 174592K, used 9236K [0x000000076bc00000, 0x000000077b000000, 0x00000007c0000000)
  eden space 158208K, 0% used [0x000000076bc00000,0x000000076bc00000,0x0000000775680000)
  from space 16384K, 56% used [0x0000000776600000,0x0000000776f050a0,0x0000000777600000)
  to   space 15872K, 0% used [0x0000000775680000,0x0000000775680000,0x0000000776600000)
 ParOldGen       total 101888K, used 12764K [0x00000006c3400000, 0x00000006c9780000, 0x000000076bc00000)
  object space 101888K, 12% used [0x00000006c3400000,0x00000006c4077180,0x00000006c9780000)
 Metaspace       used 33354K, capacity 35322K, committed 35496K, reserved 1079296K
  class space    used 4369K, capacity 4747K, committed 4864K, reserved 1048576K
}
Event: 2.902 GC heap before
{Heap before GC invocations=8 (full 2):
 PSYoungGen      total 174592K, used 9236K [0x000000076bc00000, 0x000000077b000000, 0x00000007c0000000)
  eden space 158208K, 0% used [0x000000076bc00000,0x000000076bc00000,0x0000000775680000)
  from space 16384K, 56% used [0x0000000776600000,0x0000000776f050a0,0x0000000777600000)
  to   space 15872K, 0% used [0x0000000775680000,0x0000000775680000,0x0000000776600000)
 ParOldGen       total 101888K, used 12764K [0x00000006c3400000, 0x00000006c9780000, 0x000000076bc00000)
  object space 101888K, 12% used [0x00000006c3400000,0x00000006c4077180,0x00000006c9780000)
 Metaspace       used 33354K, capacity 35322K, committed 35496K, reserved 1079296K
  class space    used 4369K, capacity 4747K, committed 4864K, reserved 1048576K
Event: 2.949 GC heap after
Heap after GC invocations=8 (full 2):
 PSYoungGen      total 174592K, used 0K [0x000000076bc00000, 0x000000077b000000, 0x00000007c0000000)
  eden space 158208K, 0% used [0x000000076bc00000,0x000000076bc00000,0x0000000775680000)
  from space 16384K, 0% used [0x0000000776600000,0x0000000776600000,0x0000000777600000)
  to   space 15872K, 0% used [0x0000000775680000,0x0000000775680000,0x0000000776600000)
 ParOldGen       total 146432K, used 15432K [0x00000006c3400000, 0x00000006cc300000, 0x000000076bc00000)
  object space 146432K, 10% used [0x00000006c3400000,0x00000006c4312150,0x00000006cc300000)
 Metaspace       used 33354K, capacity 35322K, committed 35496K, reserved 1079296K
  class space    used 4369K, capacity 4747K, committed 4864K, reserved 1048576K
}
Event: 14.476 GC heap before
{Heap before GC invocations=9 (full 2):
 PSYoungGen      total 174592K, used 158208K [0x000000076bc00000, 0x000000077b000000, 0x00000007c0000000)
  eden space 158208K, 100% used [0x000000076bc00000,0x0000000775680000,0x0000000775680000)
  from space 16384K, 0% used [0x0000000776600000,0x0000000776600000,0x0000000777600000)
  to   space 15872K, 0% used [0x0000000775680000,0x0000000775680000,0x0000000776600000)
 ParOldGen       total 146432K, used 15432K [0x00000006c3400000, 0x00000006cc300000, 0x000000076bc00000)
  object space 146432K, 10% used [0x00000006c3400000,0x00000006c4312150,0x00000006cc300000)
 Metaspace       used 44407K, capacity 47092K, committed 47232K, reserved 1089536K
  class space    used 5907K, capacity 6409K, committed 6528K, reserved 1048576K
Event: 14.489 GC heap after
Heap after GC invocations=9 (full 2):
 PSYoungGen      total 174080K, used 14829K [0x000000076bc00000, 0x000000077cc00000, 0x00000007c0000000)
  eden space 158208K, 0% used [0x000000076bc00000,0x000000076bc00000,0x0000000775680000)
  from space 15872K, 93% used [0x0000000775680000,0x00000007764fb658,0x0000000776600000)
  to   space 17408K, 0% used [0x000000077bb00000,0x000000077bb00000,0x000000077cc00000)
 ParOldGen       total 146432K, used 15504K [0x00000006c3400000, 0x00000006cc300000, 0x000000076bc00000)
  object space 146432K, 10% used [0x00000006c3400000,0x00000006c4324160,0x00000006cc300000)
 Metaspace       used 44407K, capacity 47092K, committed 47232K, reserved 1089536K
  class space    used 5907K, capacity 6409K, committed 6528K, reserved 1048576K
}

