# JRE version: Java(TM) SE Runtime Environment (8.0_181-b13) (build 1.8.0_181-b13)
# Java VM: Java HotSpot(TM) 64-Bit Server VM (25.181-b13 mixed mode windows-amd64 compressed oops)
Heap:
 PSYoungGen      total 419840K, used 298708K [0x000000076bc00000, 0x000000078ae00000, 0x00000007c0000000)
  eden space 412672K, 70% used [0x000000076bc00000,0x000000077d8ebd48,0x0000000784f00000)
  from space 7168K, 96% used [0x000000078a700000,0x000000078adc9650,0x000000078ae00000)
  to   space 31744K, 0% used [0x0000000787000000,0x0000000787000000,0x0000000788f00000)
 ParOldGen       total 161792K, used 44379K [0x00000006c3400000, 0x00000006cd200000, 0x000000076bc00000)
  object space 161792K, 27% used [0x00000006c3400000,0x00000006c5f56c00,0x00000006cd200000)
 Metaspace       used 47825K, capacity 51100K, committed 51200K, reserved 1093632K
  class space    used 6295K, capacity 6879K, committed 6912K, reserved 1048576K
GC Heap History (10 events):
Event: 280.239 GC heap before
{Heap before GC invocations=28 (full 2):
 PSYoungGen      total 514048K, used 513656K [0x000000076bc00000, 0x0000000790480000, 0x00000007c0000000)
  eden space 500224K, 100% used [0x000000076bc00000,0x000000078a480000,0x000000078a480000)
  from space 13824K, 97% used [0x000000078d080000,0x000000078dd9e248,0x000000078de00000)
  to   space 32768K, 0% used [0x000000078e480000,0x000000078e480000,0x0000000790480000)
 ParOldGen       total 161792K, used 36097K [0x00000006c3400000, 0x00000006cd200000, 0x000000076bc00000)
  object space 161792K, 22% used [0x00000006c3400000,0x00000006c5740648,0x00000006cd200000)
 Metaspace       used 47825K, capacity 51100K, committed 51200K, reserved 1093632K
  class space    used 6295K, capacity 6879K, committed 6912K, reserved 1048576K
Event: 280.244 GC heap after
Heap after GC invocations=28 (full 2):
 PSYoungGen      total 492544K, used 11400K [0x000000076bc00000, 0x000000078f000000, 0x00000007c0000000)
  eden space 480768K, 0% used [0x000000076bc00000,0x000000076bc00000,0x0000000789180000)
  from space 11776K, 96% used [0x000000078e480000,0x000000078efa2390,0x000000078f000000)
  to   space 32256K, 0% used [0x000000078b100000,0x000000078b100000,0x000000078d080000)
 ParOldGen       total 161792K, used 41888K [0x00000006c3400000, 0x00000006cd200000, 0x000000076bc00000)
  object space 161792K, 25% used [0x00000006c3400000,0x00000006c5ce8118,0x00000006cd200000)
 Metaspace       used 47825K, capacity 51100K, committed 51200K, reserved 1093632K
  class space    used 6295K, capacity 6879K, committed 6912K, reserved 1048576K
}
Event: 280.904 GC heap before
{Heap before GC invocations=29 (full 2):
 PSYoungGen      total 492544K, used 492168K [0x000000076bc00000, 0x000000078f000000, 0x00000007c0000000)
  eden space 480768K, 100% used [0x000000076bc00000,0x0000000789180000,0x0000000789180000)
  from space 11776K, 96% used [0x000000078e480000,0x000000078efa2390,0x000000078f000000)
  to   space 32256K, 0% used [0x000000078b100000,0x000000078b100000,0x000000078d080000)
 ParOldGen       total 161792K, used 41888K [0x00000006c3400000, 0x00000006cd200000, 0x000000076bc00000)
  object space 161792K, 25% used [0x00000006c3400000,0x00000006c5ce8118,0x00000006cd200000)
 Metaspace       used 47825K, capacity 51100K, committed 51200K, reserved 1093632K
  class space    used 6295K, capacity 6879K, committed 6912K, reserved 1048576K
Event: 280.909 GC heap after
Heap after GC invocations=29 (full 2):
 PSYoungGen      total 470016K, used 7450K [0x000000076bc00000, 0x000000078e500000, 0x00000007c0000000)
  eden space 462336K, 0% used [0x000000076bc00000,0x000000076bc00000,0x0000000787f80000)
  from space 7680K, 97% used [0x000000078b100000,0x000000078b846808,0x000000078b880000)
  to   space 32256K, 0% used [0x000000078c580000,0x000000078c580000,0x000000078e500000)
 ParOldGen       total 161792K, used 43855K [0x00000006c3400000, 0x00000006cd200000, 0x000000076bc00000)
  object space 161792K, 27% used [0x00000006c3400000,0x00000006c5ed3c88,0x00000006cd200000)
 Metaspace       used 47825K, capacity 51100K, committed 51200K, reserved 1093632K
  class space    used 6295K, capacity 6879K, committed 6912K, reserved 1048576K
}
Event: 281.726 GC heap before
{Heap before GC invocations=30 (full 2):
 PSYoungGen      total 470016K, used 469786K [0x000000076bc00000, 0x000000078e500000, 0x00000007c0000000)
  eden space 462336K, 100% used [0x000000076bc00000,0x0000000787f80000,0x0000000787f80000)
  from space 7680K, 97% used [0x000000078b100000,0x000000078b846808,0x000000078b880000)
  to   space 32256K, 0% used [0x000000078c580000,0x000000078c580000,0x000000078e500000)
 ParOldGen       total 161792K, used 43855K [0x00000006c3400000, 0x00000006cd200000, 0x000000076bc00000)
  object space 161792K, 27% used [0x00000006c3400000,0x00000006c5ed3c88,0x00000006cd200000)
 Metaspace       used 47825K, capacity 51100K, committed 51200K, reserved 1093632K
  class space    used 6295K, capacity 6879K, committed 6912K, reserved 1048576K
Event: 281.730 GC heap after
Heap after GC invocations=30 (full 2):
 PSYoungGen      total 454656K, used 9413K [0x000000076bc00000, 0x000000078cf00000, 0x00000007c0000000)
  eden space 444928K, 0% used [0x000000076bc00000,0x000000076bc00000,0x0000000786e80000)
  from space 9728K, 96% used [0x000000078c580000,0x000000078ceb1650,0x000000078cf00000)
  to   space 31744K, 0% used [0x0000000789100000,0x0000000789100000,0x000000078b000000)
 ParOldGen       total 161792K, used 44243K [0x00000006c3400000, 0x00000006cd200000, 0x000000076bc00000)
  object space 161792K, 27% used [0x00000006c3400000,0x00000006c5f34c00,0x00000006cd200000)
 Metaspace       used 47825K, capacity 51100K, committed 51200K, reserved 1093632K
  class space    used 6295K, capacity 6879K, committed 6912K, reserved 1048576K
}
Event: 282.346 GC heap before
{Heap before GC invocations=31 (full 2):
 PSYoungGen      total 454656K, used 454341K [0x000000076bc00000, 0x000000078cf00000, 0x00000007c0000000)
  eden space 444928K, 100% used [0x000000076bc00000,0x0000000786e80000,0x0000000786e80000)
  from space 9728K, 96% used [0x000000078c580000,0x000000078ceb1650,0x000000078cf00000)
  to   space 31744K, 0% used [0x0000000789100000,0x0000000789100000,0x000000078b000000)
 ParOldGen       total 161792K, used 44243K [0x00000006c3400000, 0x00000006cd200000, 0x000000076bc00000)
  object space 161792K, 27% used [0x00000006c3400000,0x00000006c5f34c00,0x00000006cd200000)
 Metaspace       used 47825K, capacity 51100K, committed 51200K, reserved 1093632K
  class space    used 6295K, capacity 6879K, committed 6912K, reserved 1048576K
Event: 282.350 GC heap after
Heap after GC invocations=31 (full 2):
 PSYoungGen      total 435200K, used 6533K [0x000000076bc00000, 0x000000078c600000, 0x00000007c0000000)
  eden space 428544K, 0% used [0x000000076bc00000,0x000000076bc00000,0x0000000785e80000)
  from space 6656K, 98% used [0x0000000789100000,0x0000000789761650,0x0000000789780000)
  to   space 31744K, 0% used [0x000000078a700000,0x000000078a700000,0x000000078c600000)
 ParOldGen       total 161792K, used 44331K [0x00000006c3400000, 0x00000006cd200000, 0x000000076bc00000)
  object space 161792K, 27% used [0x00000006c3400000,0x00000006c5f4ac00,0x00000006cd200000)
 Metaspace       used 47825K, capacity 51100K, committed 51200K, reserved 1093632K
  class space    used 6295K, capacity 6879K, committed 6912K, reserved 1048576K
}
Event: 283.008 GC heap before
{Heap before GC invocations=32 (full 2):
 PSYoungGen      total 435200K, used 435077K [0x000000076bc00000, 0x000000078c600000, 0x00000007c0000000)
  eden space 428544K, 100% used [0x000000076bc00000,0x0000000785e80000,0x0000000785e80000)
  from space 6656K, 98% used [0x0000000789100000,0x0000000789761650,0x0000000789780000)
  to   space 31744K, 0% used [0x000000078a700000,0x000000078a700000,0x000000078c600000)
 ParOldGen       total 161792K, used 44331K [0x00000006c3400000, 0x00000006cd200000, 0x000000076bc00000)
  object space 161792K, 27% used [0x00000006c3400000,0x00000006c5f4ac00,0x00000006cd200000)
 Metaspace       used 47825K, capacity 51100K, committed 51200K, reserved 1093632K
  class space    used 6295K, capacity 6879K, committed 6912K, reserved 1048576K
Event: 283.013 GC heap after
Heap after GC invocations=32 (full 2):
 PSYoungGen      total 419840K, used 6949K [0x000000076bc00000, 0x000000078ae00000, 0x00000007c0000000)
  eden space 412672K, 0% used [0x000000076bc00000,0x000000076bc00000,0x0000000784f00000)
  from space 7168K, 96% used [0x000000078a700000,0x000000078adc9650,0x000000078ae00000)
  to   space 31744K, 0% used [0x0000000787000000,0x0000000787000000,0x0000000788f00000)
 ParOldGen       total 161792K, used 44379K [0x00000006c3400000, 0x00000006cd200000, 0x000000076bc00000)
  object space 161792K, 27% used [0x00000006c3400000,0x00000006c5f56c00,0x00000006cd200000)
 Metaspace       used 47825K, capacity 51100K, committed 51200K, reserved 1093632K
  class space    used 6295K, capacity 6879K, committed 6912K, reserved 1048576K
}

