# JRE version: Java(TM) SE Runtime Environment (8.0_181-b13) (build 1.8.0_181-b13)
# Java VM: Java HotSpot(TM) 64-Bit Server VM (25.181-b13 mixed mode windows-amd64 compressed oops)
Heap:
 PSYoungGen      total 227840K, used 125656K [0x000000076bc00000, 0x000000077de00000, 0x00000007c0000000)
  eden space 211968K, 51% used [0x000000076bc00000,0x0000000772737230,0x0000000778b00000)
  from space 15872K, 99% used [0x0000000778b00000,0x0000000779a7ef20,0x0000000779a80000)
  to   space 17920K, 0% used [0x000000077cc80000,0x000000077cc80000,0x000000077de00000)
 ParOldGen       total 163840K, used 17432K [0x00000006c3400000, 0x00000006cd400000, 0x000000076bc00000)
  object space 163840K, 10% used [0x00000006c3400000,0x00000006c4506260,0x00000006cd400000)
 Metaspace       used 47582K, capacity 50818K, committed 50944K, reserved 1093632K
  class space    used 6276K, capacity 6844K, committed 6912K, reserved 1048576K
GC Heap History (10 events):
Event: 2.395 GC heap before
{Heap before GC invocations=7 (full 1):
 PSYoungGen      total 136704K, used 28519K [0x000000076bc00000, 0x0000000776c00000, 0x00000007c0000000)
  eden space 125952K, 14% used [0x000000076bc00000,0x000000076cd5b380,0x0000000773700000)
  from space 10752K, 99% used [0x0000000773700000,0x000000077417e8a0,0x0000000774180000)
  to   space 15872K, 0% used [0x0000000775c80000,0x0000000775c80000,0x0000000776c00000)
 ParOldGen       total 105984K, used 12638K [0x00000006c3400000, 0x00000006c9b80000, 0x000000076bc00000)
  object space 105984K, 11% used [0x00000006c3400000,0x00000006c40579c0,0x00000006c9b80000)
 Metaspace       used 33353K, capacity 35346K, committed 35496K, reserved 1079296K
  class space    used 4370K, capacity 4775K, committed 4864K, reserved 1048576K
Event: 2.400 GC heap after
Heap after GC invocations=7 (full 1):
 PSYoungGen      total 165376K, used 10150K [0x000000076bc00000, 0x0000000779e80000, 0x00000007c0000000)
  eden space 149504K, 0% used [0x000000076bc00000,0x000000076bc00000,0x0000000774e00000)
  from space 15872K, 63% used [0x0000000775c80000,0x00000007766699a0,0x0000000776c00000)
  to   space 14848K, 0% used [0x0000000774e00000,0x0000000774e00000,0x0000000775c80000)
 ParOldGen       total 105984K, used 12646K [0x00000006c3400000, 0x00000006c9b80000, 0x000000076bc00000)
  object space 105984K, 11% used [0x00000006c3400000,0x00000006c40599c0,0x00000006c9b80000)
 Metaspace       used 33353K, capacity 35346K, committed 35496K, reserved 1079296K
  class space    used 4370K, capacity 4775K, committed 4864K, reserved 1048576K
}
Event: 2.400 GC heap before
{Heap before GC invocations=8 (full 2):
 PSYoungGen      total 165376K, used 10150K [0x000000076bc00000, 0x0000000779e80000, 0x00000007c0000000)
  eden space 149504K, 0% used [0x000000076bc00000,0x000000076bc00000,0x0000000774e00000)
  from space 15872K, 63% used [0x0000000775c80000,0x00000007766699a0,0x0000000776c00000)
  to   space 14848K, 0% used [0x0000000774e00000,0x0000000774e00000,0x0000000775c80000)
 ParOldGen       total 105984K, used 12646K [0x00000006c3400000, 0x00000006c9b80000, 0x000000076bc00000)
  object space 105984K, 11% used [0x00000006c3400000,0x00000006c40599c0,0x00000006c9b80000)
 Metaspace       used 33353K, capacity 35346K, committed 35496K, reserved 1079296K
  class space    used 4370K, capacity 4775K, committed 4864K, reserved 1048576K
Event: 2.440 GC heap after
Heap after GC invocations=8 (full 2):
 PSYoungGen      total 165376K, used 0K [0x000000076bc00000, 0x0000000779e80000, 0x00000007c0000000)
  eden space 149504K, 0% used [0x000000076bc00000,0x000000076bc00000,0x0000000774e00000)
  from space 15872K, 0% used [0x0000000775c80000,0x0000000775c80000,0x0000000776c00000)
  to   space 14848K, 0% used [0x0000000774e00000,0x0000000774e00000,0x0000000775c80000)
 ParOldGen       total 163840K, used 16413K [0x00000006c3400000, 0x00000006cd400000, 0x000000076bc00000)
  object space 163840K, 10% used [0x00000006c3400000,0x00000006c4407650,0x00000006cd400000)
 Metaspace       used 33353K, capacity 35346K, committed 35496K, reserved 1079296K
  class space    used 4370K, capacity 4775K, committed 4864K, reserved 1048576K
}
Event: 3.127 GC heap before
{Heap before GC invocations=9 (full 2):
 PSYoungGen      total 165376K, used 149504K [0x000000076bc00000, 0x0000000779e80000, 0x00000007c0000000)
  eden space 149504K, 100% used [0x000000076bc00000,0x0000000774e00000,0x0000000774e00000)
  from space 15872K, 0% used [0x0000000775c80000,0x0000000775c80000,0x0000000776c00000)
  to   space 14848K, 0% used [0x0000000774e00000,0x0000000774e00000,0x0000000775c80000)
 ParOldGen       total 163840K, used 16413K [0x00000006c3400000, 0x00000006cd400000, 0x000000076bc00000)
  object space 163840K, 10% used [0x00000006c3400000,0x00000006c4407650,0x00000006cd400000)
 Metaspace       used 42414K, capacity 45216K, committed 45440K, reserved 1089536K
  class space    used 5680K, capacity 6193K, committed 6272K, reserved 1048576K
Event: 3.133 GC heap after
Heap after GC invocations=9 (full 2):
 PSYoungGen      total 164352K, used 12853K [0x000000076bc00000, 0x000000077ac00000, 0x00000007c0000000)
  eden space 149504K, 0% used [0x000000076bc00000,0x000000076bc00000,0x0000000774e00000)
  from space 14848K, 86% used [0x0000000774e00000,0x0000000775a8d7e8,0x0000000775c80000)
  to   space 15360K, 0% used [0x0000000779d00000,0x0000000779d00000,0x000000077ac00000)
 ParOldGen       total 163840K, used 16485K [0x00000006c3400000, 0x00000006cd400000, 0x000000076bc00000)
  object space 163840K, 10% used [0x00000006c3400000,0x00000006c4419660,0x00000006cd400000)
 Metaspace       used 42414K, capacity 45216K, committed 45440K, reserved 1089536K
  class space    used 5680K, capacity 6193K, committed 6272K, reserved 1048576K
}
Event: 25.173 GC heap before
{Heap before GC invocations=10 (full 2):
 PSYoungGen      total 164352K, used 162357K [0x000000076bc00000, 0x000000077ac00000, 0x00000007c0000000)
  eden space 149504K, 100% used [0x000000076bc00000,0x0000000774e00000,0x0000000774e00000)
  from space 14848K, 86% used [0x0000000774e00000,0x0000000775a8d7e8,0x0000000775c80000)
  to   space 15360K, 0% used [0x0000000779d00000,0x0000000779d00000,0x000000077ac00000)
 ParOldGen       total 163840K, used 16485K [0x00000006c3400000, 0x00000006cd400000, 0x000000076bc00000)
  object space 163840K, 10% used [0x00000006c3400000,0x00000006c4419660,0x00000006cd400000)
 Metaspace       used 46890K, capacity 50134K, committed 50304K, reserved 1093632K
  class space    used 6193K, capacity 6746K, committed 6784K, reserved 1048576K
Event: 25.179 GC heap after
Heap after GC invocations=10 (full 2):
 PSYoungGen      total 218112K, used 12923K [0x000000076bc00000, 0x000000077aa00000, 0x00000007c0000000)
  eden space 204800K, 0% used [0x000000076bc00000,0x000000076bc00000,0x0000000778400000)
  from space 13312K, 97% used [0x0000000779d00000,0x000000077a99ef20,0x000000077aa00000)
  to   space 15872K, 0% used [0x0000000778b00000,0x0000000778b00000,0x0000000779a80000)
 ParOldGen       total 163840K, used 16493K [0x00000006c3400000, 0x00000006cd400000, 0x000000076bc00000)
  object space 163840K, 10% used [0x00000006c3400000,0x00000006c441b660,0x00000006cd400000)
 Metaspace       used 46890K, capacity 50134K, committed 50304K, reserved 1093632K
  class space    used 6193K, capacity 6746K, committed 6784K, reserved 1048576K
}
Event: 26.905 GC heap before
{Heap before GC invocations=11 (full 2):
 PSYoungGen      total 218112K, used 217723K [0x000000076bc00000, 0x000000077aa00000, 0x00000007c0000000)
  eden space 204800K, 100% used [0x000000076bc00000,0x0000000778400000,0x0000000778400000)
  from space 13312K, 97% used [0x0000000779d00000,0x000000077a99ef20,0x000000077aa00000)
  to   space 15872K, 0% used [0x0000000778b00000,0x0000000778b00000,0x0000000779a80000)
 ParOldGen       total 163840K, used 16493K [0x00000006c3400000, 0x00000006cd400000, 0x000000076bc00000)
  object space 163840K, 10% used [0x00000006c3400000,0x00000006c441b660,0x00000006cd400000)
 Metaspace       used 47566K, capacity 50812K, committed 50944K, reserved 1093632K
  class space    used 6275K, capacity 6843K, committed 6912K, reserved 1048576K
Event: 26.976 GC heap after
Heap after GC invocations=11 (full 2):
 PSYoungGen      total 227840K, used 15867K [0x000000076bc00000, 0x000000077de00000, 0x00000007c0000000)
  eden space 211968K, 0% used [0x000000076bc00000,0x000000076bc00000,0x0000000778b00000)
  from space 15872K, 99% used [0x0000000778b00000,0x0000000779a7ef20,0x0000000779a80000)
  to   space 17920K, 0% used [0x000000077cc80000,0x000000077cc80000,0x000000077de00000)
 ParOldGen       total 163840K, used 17432K [0x00000006c3400000, 0x00000006cd400000, 0x000000076bc00000)
  object space 163840K, 10% used [0x00000006c3400000,0x00000006c4506260,0x00000006cd400000)
 Metaspace       used 47566K, capacity 50812K, committed 50944K, reserved 1093632K
  class space    used 6275K, capacity 6843K, committed 6912K, reserved 1048576K
}

