# JRE version: Java(TM) SE Runtime Environment (8.0_181-b13) (build 1.8.0_181-b13)
# Java VM: Java HotSpot(TM) 64-Bit Server VM (25.181-b13 mixed mode windows-amd64 compressed oops)
Heap:
 PSYoungGen      total 175616K, used 25825K [0x000000076bc00000, 0x000000077db80000, 0x00000007c0000000)
  eden space 159744K, 6% used [0x000000076bc00000,0x000000076c684620,0x0000000775800000)
  from space 15872K, 94% used [0x0000000775800000,0x00000007766b3e58,0x0000000776780000)
  to   space 17408K, 0% used [0x000000077ca80000,0x000000077ca80000,0x000000077db80000)
 ParOldGen       total 139776K, used 16160K [0x00000006c3400000, 0x00000006cbc80000, 0x000000076bc00000)
  object space 139776K, 11% used [0x00000006c3400000,0x00000006c43c8200,0x00000006cbc80000)
 Metaspace       used 45745K, capacity 48352K, committed 48640K, reserved 1091584K
  class space    used 6059K, capacity 6571K, committed 6656K, reserved 1048576K
GC Heap History (10 events):
Event: 1.879 GC heap before
{Heap before GC invocations=5 (full 1):
 PSYoungGen      total 75776K, used 65024K [0x000000076bc00000, 0x0000000775000000, 0x00000007c0000000)
  eden space 65024K, 100% used [0x000000076bc00000,0x000000076fb80000,0x000000076fb80000)
  from space 10752K, 0% used [0x000000076fb80000,0x000000076fb80000,0x0000000770600000)
  to   space 10752K, 0% used [0x0000000774580000,0x0000000774580000,0x0000000775000000)
 ParOldGen       total 101888K, used 8722K [0x00000006c3400000, 0x00000006c9780000, 0x000000076bc00000)
  object space 101888K, 8% used [0x00000006c3400000,0x00000006c3c84888,0x00000006c9780000)
 Metaspace       used 23577K, capacity 24958K, committed 25088K, reserved 1071104K
  class space    used 3205K, capacity 3497K, committed 3584K, reserved 1048576K
Event: 1.884 GC heap after
Heap after GC invocations=5 (full 1):
 PSYoungGen      total 109568K, used 6474K [0x000000076bc00000, 0x0000000774c00000, 0x00000007c0000000)
  eden space 102912K, 0% used [0x000000076bc00000,0x000000076bc00000,0x0000000772080000)
  from space 6656K, 97% used [0x0000000774580000,0x0000000774bd2b88,0x0000000774c00000)
  to   space 10752K, 0% used [0x0000000773700000,0x0000000773700000,0x0000000774180000)
 ParOldGen       total 101888K, used 8730K [0x00000006c3400000, 0x00000006c9780000, 0x000000076bc00000)
  object space 101888K, 8% used [0x00000006c3400000,0x00000006c3c86888,0x00000006c9780000)
 Metaspace       used 23577K, capacity 24958K, committed 25088K, reserved 1071104K
  class space    used 3205K, capacity 3497K, committed 3584K, reserved 1048576K
}
Event: 2.794 GC heap before
{Heap before GC invocations=6 (full 1):
 PSYoungGen      total 109568K, used 109386K [0x000000076bc00000, 0x0000000774c00000, 0x00000007c0000000)
  eden space 102912K, 100% used [0x000000076bc00000,0x0000000772080000,0x0000000772080000)
  from space 6656K, 97% used [0x0000000774580000,0x0000000774bd2b88,0x0000000774c00000)
  to   space 10752K, 0% used [0x0000000773700000,0x0000000773700000,0x0000000774180000)
 ParOldGen       total 101888K, used 8730K [0x00000006c3400000, 0x00000006c9780000, 0x000000076bc00000)
  object space 101888K, 8% used [0x00000006c3400000,0x00000006c3c86888,0x00000006c9780000)
 Metaspace       used 32321K, capacity 34278K, committed 34432K, reserved 1079296K
  class space    used 4253K, capacity 4657K, committed 4736K, reserved 1048576K
Event: 2.802 GC heap after
Heap after GC invocations=6 (full 1):
 PSYoungGen      total 136704K, used 10736K [0x000000076bc00000, 0x0000000777800000, 0x00000007c0000000)
  eden space 125952K, 0% used [0x000000076bc00000,0x000000076bc00000,0x0000000773700000)
  from space 10752K, 99% used [0x0000000773700000,0x000000077417c260,0x0000000774180000)
  to   space 16896K, 0% used [0x0000000776780000,0x0000000776780000,0x0000000777800000)
 ParOldGen       total 101888K, used 12942K [0x00000006c3400000, 0x00000006c9780000, 0x000000076bc00000)
  object space 101888K, 12% used [0x00000006c3400000,0x00000006c40a3a70,0x00000006c9780000)
 Metaspace       used 32321K, capacity 34278K, committed 34432K, reserved 1079296K
  class space    used 4253K, capacity 4657K, committed 4736K, reserved 1048576K
}
Event: 2.837 GC heap before
{Heap before GC invocations=7 (full 1):
 PSYoungGen      total 136704K, used 23801K [0x000000076bc00000, 0x0000000777800000, 0x00000007c0000000)
  eden space 125952K, 10% used [0x000000076bc00000,0x000000076c8c2400,0x0000000773700000)
  from space 10752K, 99% used [0x0000000773700000,0x000000077417c260,0x0000000774180000)
  to   space 16896K, 0% used [0x0000000776780000,0x0000000776780000,0x0000000777800000)
 ParOldGen       total 101888K, used 12942K [0x00000006c3400000, 0x00000006c9780000, 0x000000076bc00000)
  object space 101888K, 12% used [0x00000006c3400000,0x00000006c40a3a70,0x00000006c9780000)
 Metaspace       used 33346K, capacity 35322K, committed 35496K, reserved 1079296K
  class space    used 4369K, capacity 4747K, committed 4864K, reserved 1048576K
Event: 2.842 GC heap after
Heap after GC invocations=7 (full 1):
 PSYoungGen      total 176640K, used 9244K [0x000000076bc00000, 0x000000077b000000, 0x00000007c0000000)
  eden space 159744K, 0% used [0x000000076bc00000,0x000000076bc00000,0x0000000775800000)
  from space 16896K, 54% used [0x0000000776780000,0x00000007770871e8,0x0000000777800000)
  to   space 15872K, 0% used [0x0000000775800000,0x0000000775800000,0x0000000776780000)
 ParOldGen       total 101888K, used 12950K [0x00000006c3400000, 0x00000006c9780000, 0x000000076bc00000)
  object space 101888K, 12% used [0x00000006c3400000,0x00000006c40a5a70,0x00000006c9780000)
 Metaspace       used 33346K, capacity 35322K, committed 35496K, reserved 1079296K
  class space    used 4369K, capacity 4747K, committed 4864K, reserved 1048576K
}
Event: 2.842 GC heap before
{Heap before GC invocations=8 (full 2):
 PSYoungGen      total 176640K, used 9244K [0x000000076bc00000, 0x000000077b000000, 0x00000007c0000000)
  eden space 159744K, 0% used [0x000000076bc00000,0x000000076bc00000,0x0000000775800000)
  from space 16896K, 54% used [0x0000000776780000,0x00000007770871e8,0x0000000777800000)
  to   space 15872K, 0% used [0x0000000775800000,0x0000000775800000,0x0000000776780000)
 ParOldGen       total 101888K, used 12950K [0x00000006c3400000, 0x00000006c9780000, 0x000000076bc00000)
  object space 101888K, 12% used [0x00000006c3400000,0x00000006c40a5a70,0x00000006c9780000)
 Metaspace       used 33346K, capacity 35322K, committed 35496K, reserved 1079296K
  class space    used 4369K, capacity 4747K, committed 4864K, reserved 1048576K
Event: 2.872 GC heap after
Heap after GC invocations=8 (full 2):
 PSYoungGen      total 176640K, used 0K [0x000000076bc00000, 0x000000077b000000, 0x00000007c0000000)
  eden space 159744K, 0% used [0x000000076bc00000,0x000000076bc00000,0x0000000775800000)
  from space 16896K, 0% used [0x0000000776780000,0x0000000776780000,0x0000000777800000)
  to   space 15872K, 0% used [0x0000000775800000,0x0000000775800000,0x0000000776780000)
 ParOldGen       total 139776K, used 16088K [0x00000006c3400000, 0x00000006cbc80000, 0x000000076bc00000)
  object space 139776K, 11% used [0x00000006c3400000,0x00000006c43b61f0,0x00000006cbc80000)
 Metaspace       used 33346K, capacity 35322K, committed 35496K, reserved 1079296K
  class space    used 4369K, capacity 4747K, committed 4864K, reserved 1048576K
}
Event: 59.360 GC heap before
{Heap before GC invocations=9 (full 2):
 PSYoungGen      total 176640K, used 159744K [0x000000076bc00000, 0x000000077b000000, 0x00000007c0000000)
  eden space 159744K, 100% used [0x000000076bc00000,0x0000000775800000,0x0000000775800000)
  from space 16896K, 0% used [0x0000000776780000,0x0000000776780000,0x0000000777800000)
  to   space 15872K, 0% used [0x0000000775800000,0x0000000775800000,0x0000000776780000)
 ParOldGen       total 139776K, used 16088K [0x00000006c3400000, 0x00000006cbc80000, 0x000000076bc00000)
  object space 139776K, 11% used [0x00000006c3400000,0x00000006c43b61f0,0x00000006cbc80000)
 Metaspace       used 44515K, capacity 47162K, committed 47488K, reserved 1089536K
  class space    used 5918K, capacity 6410K, committed 6528K, reserved 1048576K
Event: 59.369 GC heap after
Heap after GC invocations=9 (full 2):
 PSYoungGen      total 175616K, used 15055K [0x000000076bc00000, 0x000000077db80000, 0x00000007c0000000)
  eden space 159744K, 0% used [0x000000076bc00000,0x000000076bc00000,0x0000000775800000)
  from space 15872K, 94% used [0x0000000775800000,0x00000007766b3e58,0x0000000776780000)
  to   space 17408K, 0% used [0x000000077ca80000,0x000000077ca80000,0x000000077db80000)
 ParOldGen       total 139776K, used 16160K [0x00000006c3400000, 0x00000006cbc80000, 0x000000076bc00000)
  object space 139776K, 11% used [0x00000006c3400000,0x00000006c43c8200,0x00000006cbc80000)
 Metaspace       used 44515K, capacity 47162K, committed 47488K, reserved 1089536K
  class space    used 5918K, capacity 6410K, committed 6528K, reserved 1048576K
}

