# JRE version: Java(TM) SE Runtime Environment (8.0_181-b13) (build 1.8.0_181-b13)
# Java VM: Java HotSpot(TM) 64-Bit Server VM (25.181-b13 mixed mode windows-amd64 compressed oops)
Heap:
 PSYoungGen      total 174080K, used 24971K [0x000000076bc00000, 0x000000077ce80000, 0x00000007c0000000)
  eden space 158208K, 6% used [0x000000076bc00000,0x000000076c58ab40,0x0000000775680000)
  from space 15872K, 95% used [0x0000000775680000,0x0000000776558460,0x0000000776600000)
  to   space 17408K, 0% used [0x000000077bd80000,0x000000077bd80000,0x000000077ce80000)
 ParOldGen       total 144896K, used 15504K [0x00000006c3400000, 0x00000006cc180000, 0x000000076bc00000)
  object space 144896K, 10% used [0x00000006c3400000,0x00000006c43240f0,0x00000006cc180000)
 Metaspace       used 45750K, capacity 48416K, committed 48640K, reserved 1091584K
  class space    used 6057K, capacity 6571K, committed 6656K, reserved 1048576K
GC Heap History (10 events):
Event: 1.823 GC heap before
{Heap before GC invocations=5 (full 1):
 PSYoungGen      total 75776K, used 65024K [0x000000076bc00000, 0x0000000775000000, 0x00000007c0000000)
  eden space 65024K, 100% used [0x000000076bc00000,0x000000076fb80000,0x000000076fb80000)
  from space 10752K, 0% used [0x000000076fb80000,0x000000076fb80000,0x0000000770600000)
  to   space 10752K, 0% used [0x0000000774580000,0x0000000774580000,0x0000000775000000)
 ParOldGen       total 101888K, used 8641K [0x00000006c3400000, 0x00000006c9780000, 0x000000076bc00000)
  object space 101888K, 8% used [0x00000006c3400000,0x00000006c3c70778,0x00000006c9780000)
 Metaspace       used 23521K, capacity 24864K, committed 25088K, reserved 1071104K
  class space    used 3193K, capacity 3492K, committed 3584K, reserved 1048576K
Event: 1.828 GC heap after
Heap after GC invocations=5 (full 1):
 PSYoungGen      total 109056K, used 6485K [0x000000076bc00000, 0x0000000774c00000, 0x00000007c0000000)
  eden space 102400K, 0% used [0x000000076bc00000,0x000000076bc00000,0x0000000772000000)
  from space 6656K, 97% used [0x0000000774580000,0x0000000774bd5518,0x0000000774c00000)
  to   space 10752K, 0% used [0x0000000773700000,0x0000000773700000,0x0000000774180000)
 ParOldGen       total 101888K, used 8649K [0x00000006c3400000, 0x00000006c9780000, 0x000000076bc00000)
  object space 101888K, 8% used [0x00000006c3400000,0x00000006c3c72778,0x00000006c9780000)
 Metaspace       used 23521K, capacity 24864K, committed 25088K, reserved 1071104K
  class space    used 3193K, capacity 3492K, committed 3584K, reserved 1048576K
}
Event: 2.701 GC heap before
{Heap before GC invocations=6 (full 1):
 PSYoungGen      total 109056K, used 108885K [0x000000076bc00000, 0x0000000774c00000, 0x00000007c0000000)
  eden space 102400K, 100% used [0x000000076bc00000,0x0000000772000000,0x0000000772000000)
  from space 6656K, 97% used [0x0000000774580000,0x0000000774bd5518,0x0000000774c00000)
  to   space 10752K, 0% used [0x0000000773700000,0x0000000773700000,0x0000000774180000)
 ParOldGen       total 101888K, used 8649K [0x00000006c3400000, 0x00000006c9780000, 0x000000076bc00000)
  object space 101888K, 8% used [0x00000006c3400000,0x00000006c3c72778,0x00000006c9780000)
 Metaspace       used 32280K, capacity 34264K, committed 34432K, reserved 1079296K
  class space    used 4244K, capacity 4654K, committed 4736K, reserved 1048576K
Event: 2.709 GC heap after
Heap after GC invocations=6 (full 1):
 PSYoungGen      total 136704K, used 10742K [0x000000076bc00000, 0x0000000777600000, 0x00000007c0000000)
  eden space 125952K, 0% used [0x000000076bc00000,0x000000076bc00000,0x0000000773700000)
  from space 10752K, 99% used [0x0000000773700000,0x000000077417db80,0x0000000774180000)
  to   space 16384K, 0% used [0x0000000776600000,0x0000000776600000,0x0000000777600000)
 ParOldGen       total 101888K, used 12733K [0x00000006c3400000, 0x00000006c9780000, 0x000000076bc00000)
  object space 101888K, 12% used [0x00000006c3400000,0x00000006c406f730,0x00000006c9780000)
 Metaspace       used 32280K, capacity 34264K, committed 34432K, reserved 1079296K
  class space    used 4244K, capacity 4654K, committed 4736K, reserved 1048576K
}
Event: 2.749 GC heap before
{Heap before GC invocations=7 (full 1):
 PSYoungGen      total 136704K, used 23803K [0x000000076bc00000, 0x0000000777600000, 0x00000007c0000000)
  eden space 125952K, 10% used [0x000000076bc00000,0x000000076c8c13c8,0x0000000773700000)
  from space 10752K, 99% used [0x0000000773700000,0x000000077417db80,0x0000000774180000)
  to   space 16384K, 0% used [0x0000000776600000,0x0000000776600000,0x0000000777600000)
 ParOldGen       total 101888K, used 12733K [0x00000006c3400000, 0x00000006c9780000, 0x000000076bc00000)
  object space 101888K, 12% used [0x00000006c3400000,0x00000006c406f730,0x00000006c9780000)
 Metaspace       used 33347K, capacity 35322K, committed 35496K, reserved 1079296K
  class space    used 4369K, capacity 4747K, committed 4864K, reserved 1048576K
Event: 2.754 GC heap after
Heap after GC invocations=7 (full 1):
 PSYoungGen      total 174592K, used 9217K [0x000000076bc00000, 0x000000077af00000, 0x00000007c0000000)
  eden space 158208K, 0% used [0x000000076bc00000,0x000000076bc00000,0x0000000775680000)
  from space 16384K, 56% used [0x0000000776600000,0x0000000776f00638,0x0000000777600000)
  to   space 15872K, 0% used [0x0000000775680000,0x0000000775680000,0x0000000776600000)
 ParOldGen       total 101888K, used 12741K [0x00000006c3400000, 0x00000006c9780000, 0x000000076bc00000)
  object space 101888K, 12% used [0x00000006c3400000,0x00000006c4071730,0x00000006c9780000)
 Metaspace       used 33347K, capacity 35322K, committed 35496K, reserved 1079296K
  class space    used 4369K, capacity 4747K, committed 4864K, reserved 1048576K
}
Event: 2.754 GC heap before
{Heap before GC invocations=8 (full 2):
 PSYoungGen      total 174592K, used 9217K [0x000000076bc00000, 0x000000077af00000, 0x00000007c0000000)
  eden space 158208K, 0% used [0x000000076bc00000,0x000000076bc00000,0x0000000775680000)
  from space 16384K, 56% used [0x0000000776600000,0x0000000776f00638,0x0000000777600000)
  to   space 15872K, 0% used [0x0000000775680000,0x0000000775680000,0x0000000776600000)
 ParOldGen       total 101888K, used 12741K [0x00000006c3400000, 0x00000006c9780000, 0x000000076bc00000)
  object space 101888K, 12% used [0x00000006c3400000,0x00000006c4071730,0x00000006c9780000)
 Metaspace       used 33347K, capacity 35322K, committed 35496K, reserved 1079296K
  class space    used 4369K, capacity 4747K, committed 4864K, reserved 1048576K
Event: 2.797 GC heap after
Heap after GC invocations=8 (full 2):
 PSYoungGen      total 174592K, used 0K [0x000000076bc00000, 0x000000077af00000, 0x00000007c0000000)
  eden space 158208K, 0% used [0x000000076bc00000,0x000000076bc00000,0x0000000775680000)
  from space 16384K, 0% used [0x0000000776600000,0x0000000776600000,0x0000000777600000)
  to   space 15872K, 0% used [0x0000000775680000,0x0000000775680000,0x0000000776600000)
 ParOldGen       total 144896K, used 15432K [0x00000006c3400000, 0x00000006cc180000, 0x000000076bc00000)
  object space 144896K, 10% used [0x00000006c3400000,0x00000006c43120e0,0x00000006cc180000)
 Metaspace       used 33347K, capacity 35322K, committed 35496K, reserved 1079296K
  class space    used 4369K, capacity 4747K, committed 4864K, reserved 1048576K
}
Event: 12.449 GC heap before
{Heap before GC invocations=9 (full 2):
 PSYoungGen      total 174592K, used 158208K [0x000000076bc00000, 0x000000077af00000, 0x00000007c0000000)
  eden space 158208K, 100% used [0x000000076bc00000,0x0000000775680000,0x0000000775680000)
  from space 16384K, 0% used [0x0000000776600000,0x0000000776600000,0x0000000777600000)
  to   space 15872K, 0% used [0x0000000775680000,0x0000000775680000,0x0000000776600000)
 ParOldGen       total 144896K, used 15432K [0x00000006c3400000, 0x00000006cc180000, 0x000000076bc00000)
  object space 144896K, 10% used [0x00000006c3400000,0x00000006c43120e0,0x00000006cc180000)
 Metaspace       used 44713K, capacity 47354K, committed 47488K, reserved 1089536K
  class space    used 5929K, capacity 6410K, committed 6528K, reserved 1048576K
Event: 12.459 GC heap after
Heap after GC invocations=9 (full 2):
 PSYoungGen      total 174080K, used 15201K [0x000000076bc00000, 0x000000077ce80000, 0x00000007c0000000)
  eden space 158208K, 0% used [0x000000076bc00000,0x000000076bc00000,0x0000000775680000)
  from space 15872K, 95% used [0x0000000775680000,0x0000000776558460,0x0000000776600000)
  to   space 17408K, 0% used [0x000000077bd80000,0x000000077bd80000,0x000000077ce80000)
 ParOldGen       total 144896K, used 15504K [0x00000006c3400000, 0x00000006cc180000, 0x000000076bc00000)
  object space 144896K, 10% used [0x00000006c3400000,0x00000006c43240f0,0x00000006cc180000)
 Metaspace       used 44713K, capacity 47354K, committed 47488K, reserved 1089536K
  class space    used 5929K, capacity 6410K, committed 6528K, reserved 1048576K
}

