# JRE version: Java(TM) SE Runtime Environment (8.0_181-b13) (build 1.8.0_181-b13)
# Java VM: Java HotSpot(TM) 64-Bit Server VM (25.181-b13 mixed mode windows-amd64 compressed oops)
Heap:
 PSYoungGen      total 221696K, used 41780K [0x000000076bc00000, 0x000000077e480000, 0x00000007c0000000)
  eden space 204800K, 12% used [0x000000076bc00000,0x000000076d451908,0x0000000778400000)
  from space 16896K, 99% used [0x0000000778400000,0x000000077947ba38,0x0000000779480000)
  to   space 19968K, 0% used [0x000000077d100000,0x000000077d100000,0x000000077e480000)
 ParOldGen       total 168448K, used 20412K [0x00000006c3400000, 0x00000006cd880000, 0x000000076bc00000)
  object space 168448K, 12% used [0x00000006c3400000,0x00000006c47ef218,0x00000006cd880000)
 Metaspace       used 47759K, capacity 51148K, committed 51200K, reserved 1093632K
  class space    used 6296K, capacity 6879K, committed 6912K, reserved 1048576K
GC Heap History (10 events):
Event: 2.417 GC heap before
{Heap before GC invocations=7 (full 1):
 PSYoungGen      total 136704K, used 28565K [0x000000076bc00000, 0x0000000776c00000, 0x00000007c0000000)
  eden space 125952K, 14% used [0x000000076bc00000,0x000000076cd6c630,0x0000000773700000)
  from space 10752K, 99% used [0x0000000773700000,0x00000007741790f0,0x0000000774180000)
  to   space 15872K, 0% used [0x0000000775c80000,0x0000000775c80000,0x0000000776c00000)
 ParOldGen       total 105472K, used 12809K [0x00000006c3400000, 0x00000006c9b00000, 0x000000076bc00000)
  object space 105472K, 12% used [0x00000006c3400000,0x00000006c4082568,0x00000006c9b00000)
 Metaspace       used 33360K, capacity 35346K, committed 35496K, reserved 1079296K
  class space    used 4374K, capacity 4775K, committed 4864K, reserved 1048576K
Event: 2.421 GC heap after
Heap after GC invocations=7 (full 1):
 PSYoungGen      total 165376K, used 10099K [0x000000076bc00000, 0x0000000779b80000, 0x00000007c0000000)
  eden space 149504K, 0% used [0x000000076bc00000,0x000000076bc00000,0x0000000774e00000)
  from space 15872K, 63% used [0x0000000775c80000,0x000000077665cf38,0x0000000776c00000)
  to   space 14848K, 0% used [0x0000000774e00000,0x0000000774e00000,0x0000000775c80000)
 ParOldGen       total 105472K, used 12817K [0x00000006c3400000, 0x00000006c9b00000, 0x000000076bc00000)
  object space 105472K, 12% used [0x00000006c3400000,0x00000006c4084568,0x00000006c9b00000)
 Metaspace       used 33360K, capacity 35346K, committed 35496K, reserved 1079296K
  class space    used 4374K, capacity 4775K, committed 4864K, reserved 1048576K
}
Event: 2.421 GC heap before
{Heap before GC invocations=8 (full 2):
 PSYoungGen      total 165376K, used 10099K [0x000000076bc00000, 0x0000000779b80000, 0x00000007c0000000)
  eden space 149504K, 0% used [0x000000076bc00000,0x000000076bc00000,0x0000000774e00000)
  from space 15872K, 63% used [0x0000000775c80000,0x000000077665cf38,0x0000000776c00000)
  to   space 14848K, 0% used [0x0000000774e00000,0x0000000774e00000,0x0000000775c80000)
 ParOldGen       total 105472K, used 12817K [0x00000006c3400000, 0x00000006c9b00000, 0x000000076bc00000)
  object space 105472K, 12% used [0x00000006c3400000,0x00000006c4084568,0x00000006c9b00000)
 Metaspace       used 33360K, capacity 35346K, committed 35496K, reserved 1079296K
  class space    used 4374K, capacity 4775K, committed 4864K, reserved 1048576K
Event: 2.469 GC heap after
Heap after GC invocations=8 (full 2):
 PSYoungGen      total 165376K, used 0K [0x000000076bc00000, 0x0000000779b80000, 0x00000007c0000000)
  eden space 149504K, 0% used [0x000000076bc00000,0x000000076bc00000,0x0000000774e00000)
  from space 15872K, 0% used [0x0000000775c80000,0x0000000775c80000,0x0000000776c00000)
  to   space 14848K, 0% used [0x0000000774e00000,0x0000000774e00000,0x0000000775c80000)
 ParOldGen       total 168448K, used 16353K [0x00000006c3400000, 0x00000006cd880000, 0x000000076bc00000)
  object space 168448K, 9% used [0x00000006c3400000,0x00000006c43f87d0,0x00000006cd880000)
 Metaspace       used 33360K, capacity 35346K, committed 35496K, reserved 1079296K
  class space    used 4374K, capacity 4775K, committed 4864K, reserved 1048576K
}
Event: 3.127 GC heap before
{Heap before GC invocations=9 (full 2):
 PSYoungGen      total 165376K, used 149504K [0x000000076bc00000, 0x0000000779b80000, 0x00000007c0000000)
  eden space 149504K, 100% used [0x000000076bc00000,0x0000000774e00000,0x0000000774e00000)
  from space 15872K, 0% used [0x0000000775c80000,0x0000000775c80000,0x0000000776c00000)
  to   space 14848K, 0% used [0x0000000774e00000,0x0000000774e00000,0x0000000775c80000)
 ParOldGen       total 168448K, used 16353K [0x00000006c3400000, 0x00000006cd880000, 0x000000076bc00000)
  object space 168448K, 9% used [0x00000006c3400000,0x00000006c43f87d0,0x00000006cd880000)
 Metaspace       used 42461K, capacity 45286K, committed 45440K, reserved 1089536K
  class space    used 5690K, capacity 6194K, committed 6272K, reserved 1048576K
Event: 3.133 GC heap after
Heap after GC invocations=9 (full 2):
 PSYoungGen      total 164352K, used 12956K [0x000000076bc00000, 0x000000077a600000, 0x00000007c0000000)
  eden space 149504K, 0% used [0x000000076bc00000,0x000000076bc00000,0x0000000774e00000)
  from space 14848K, 87% used [0x0000000774e00000,0x0000000775aa7000,0x0000000775c80000)
  to   space 15872K, 0% used [0x0000000779680000,0x0000000779680000,0x000000077a600000)
 ParOldGen       total 168448K, used 16425K [0x00000006c3400000, 0x00000006cd880000, 0x000000076bc00000)
  object space 168448K, 9% used [0x00000006c3400000,0x00000006c440a7e0,0x00000006cd880000)
 Metaspace       used 42461K, capacity 45286K, committed 45440K, reserved 1089536K
  class space    used 5690K, capacity 6194K, committed 6272K, reserved 1048576K
}
Event: 57.975 GC heap before
{Heap before GC invocations=10 (full 2):
 PSYoungGen      total 164352K, used 162460K [0x000000076bc00000, 0x000000077a600000, 0x00000007c0000000)
  eden space 149504K, 100% used [0x000000076bc00000,0x0000000774e00000,0x0000000774e00000)
  from space 14848K, 87% used [0x0000000774e00000,0x0000000775aa7000,0x0000000775c80000)
  to   space 15872K, 0% used [0x0000000779680000,0x0000000779680000,0x000000077a600000)
 ParOldGen       total 168448K, used 16425K [0x00000006c3400000, 0x00000006cd880000, 0x000000076bc00000)
  object space 168448K, 9% used [0x00000006c3400000,0x00000006c440a7e0,0x00000006cd880000)
 Metaspace       used 47353K, capacity 50688K, committed 50944K, reserved 1093632K
  class space    used 6249K, capacity 6813K, committed 6912K, reserved 1048576K
Event: 57.986 GC heap after
Heap after GC invocations=10 (full 2):
 PSYoungGen      total 212992K, used 14498K [0x000000076bc00000, 0x000000077a500000, 0x00000007c0000000)
  eden space 198144K, 0% used [0x000000076bc00000,0x000000076bc00000,0x0000000777d80000)
  from space 14848K, 97% used [0x0000000779680000,0x000000077a4a8a10,0x000000077a500000)
  to   space 16896K, 0% used [0x0000000778400000,0x0000000778400000,0x0000000779480000)
 ParOldGen       total 168448K, used 16433K [0x00000006c3400000, 0x00000006cd880000, 0x000000076bc00000)
  object space 168448K, 9% used [0x00000006c3400000,0x00000006c440c7e0,0x00000006cd880000)
 Metaspace       used 47353K, capacity 50688K, committed 50944K, reserved 1093632K
  class space    used 6249K, capacity 6813K, committed 6912K, reserved 1048576K
}
Event: 76.224 GC heap before
{Heap before GC invocations=11 (full 2):
 PSYoungGen      total 212992K, used 212642K [0x000000076bc00000, 0x000000077a500000, 0x00000007c0000000)
  eden space 198144K, 100% used [0x000000076bc00000,0x0000000777d80000,0x0000000777d80000)
  from space 14848K, 97% used [0x0000000779680000,0x000000077a4a8a10,0x000000077a500000)
  to   space 16896K, 0% used [0x0000000778400000,0x0000000778400000,0x0000000779480000)
 ParOldGen       total 168448K, used 16433K [0x00000006c3400000, 0x00000006cd880000, 0x000000076bc00000)
  object space 168448K, 9% used [0x00000006c3400000,0x00000006c440c7e0,0x00000006cd880000)
 Metaspace       used 47759K, capacity 51148K, committed 51200K, reserved 1093632K
  class space    used 6296K, capacity 6879K, committed 6912K, reserved 1048576K
Event: 78.170 GC heap after
Heap after GC invocations=11 (full 2):
 PSYoungGen      total 221696K, used 16878K [0x000000076bc00000, 0x000000077e480000, 0x00000007c0000000)
  eden space 204800K, 0% used [0x000000076bc00000,0x000000076bc00000,0x0000000778400000)
  from space 16896K, 99% used [0x0000000778400000,0x000000077947ba38,0x0000000779480000)
  to   space 19968K, 0% used [0x000000077d100000,0x000000077d100000,0x000000077e480000)
 ParOldGen       total 168448K, used 20412K [0x00000006c3400000, 0x00000006cd880000, 0x000000076bc00000)
  object space 168448K, 12% used [0x00000006c3400000,0x00000006c47ef218,0x00000006cd880000)
 Metaspace       used 47759K, capacity 51148K, committed 51200K, reserved 1093632K
  class space    used 6296K, capacity 6879K, committed 6912K, reserved 1048576K
}

