# JRE version: Java(TM) SE Runtime Environment (8.0_181-b13) (build 1.8.0_181-b13)
# Java VM: Java HotSpot(TM) 64-Bit Server VM (25.181-b13 mixed mode windows-amd64 compressed oops)
Heap:
 PSYoungGen      total 171008K, used 26919K [0x000000076bc00000, 0x000000077d700000, 0x00000007c0000000)
  eden space 155136K, 7% used [0x000000076bc00000,0x000000076c7c81f0,0x0000000775380000)
  from space 15872K, 93% used [0x0000000775380000,0x0000000776201b20,0x0000000776300000)
  to   space 17408K, 0% used [0x000000077c600000,0x000000077c600000,0x000000077d700000)
 ParOldGen       total 139264K, used 16099K [0x00000006c3400000, 0x00000006cbc00000, 0x000000076bc00000)
  object space 139264K, 11% used [0x00000006c3400000,0x00000006c43b8d70,0x00000006cbc00000)
 Metaspace       used 45746K, capacity 48352K, committed 48640K, reserved 1091584K
  class space    used 6061K, capacity 6571K, committed 6656K, reserved 1048576K
GC Heap History (10 events):
Event: 1.829 GC heap before
{Heap before GC invocations=5 (full 1):
 PSYoungGen      total 75776K, used 65024K [0x000000076bc00000, 0x0000000775000000, 0x00000007c0000000)
  eden space 65024K, 100% used [0x000000076bc00000,0x000000076fb80000,0x000000076fb80000)
  from space 10752K, 0% used [0x000000076fb80000,0x000000076fb80000,0x0000000770600000)
  to   space 10752K, 0% used [0x0000000774580000,0x0000000774580000,0x0000000775000000)
 ParOldGen       total 102912K, used 8759K [0x00000006c3400000, 0x00000006c9880000, 0x000000076bc00000)
  object space 102912K, 8% used [0x00000006c3400000,0x00000006c3c8de20,0x00000006c9880000)
 Metaspace       used 23614K, capacity 24964K, committed 25088K, reserved 1071104K
  class space    used 3217K, capacity 3498K, committed 3584K, reserved 1048576K
Event: 1.832 GC heap after
Heap after GC invocations=5 (full 1):
 PSYoungGen      total 108032K, used 6516K [0x000000076bc00000, 0x0000000774c00000, 0x00000007c0000000)
  eden space 101376K, 0% used [0x000000076bc00000,0x000000076bc00000,0x0000000771f00000)
  from space 6656K, 97% used [0x0000000774580000,0x0000000774bdd220,0x0000000774c00000)
  to   space 10752K, 0% used [0x0000000773700000,0x0000000773700000,0x0000000774180000)
 ParOldGen       total 102912K, used 8767K [0x00000006c3400000, 0x00000006c9880000, 0x000000076bc00000)
  object space 102912K, 8% used [0x00000006c3400000,0x00000006c3c8fe20,0x00000006c9880000)
 Metaspace       used 23614K, capacity 24964K, committed 25088K, reserved 1071104K
  class space    used 3217K, capacity 3498K, committed 3584K, reserved 1048576K
}
Event: 2.718 GC heap before
{Heap before GC invocations=6 (full 1):
 PSYoungGen      total 108032K, used 107892K [0x000000076bc00000, 0x0000000774c00000, 0x00000007c0000000)
  eden space 101376K, 100% used [0x000000076bc00000,0x0000000771f00000,0x0000000771f00000)
  from space 6656K, 97% used [0x0000000774580000,0x0000000774bdd220,0x0000000774c00000)
  to   space 10752K, 0% used [0x0000000773700000,0x0000000773700000,0x0000000774180000)
 ParOldGen       total 102912K, used 8767K [0x00000006c3400000, 0x00000006c9880000, 0x000000076bc00000)
  object space 102912K, 8% used [0x00000006c3400000,0x00000006c3c8fe20,0x00000006c9880000)
 Metaspace       used 32420K, capacity 34406K, committed 34688K, reserved 1079296K
  class space    used 4261K, capacity 4657K, committed 4736K, reserved 1048576K
Event: 2.726 GC heap after
Heap after GC invocations=6 (full 1):
 PSYoungGen      total 136704K, used 10748K [0x000000076bc00000, 0x0000000777300000, 0x00000007c0000000)
  eden space 125952K, 0% used [0x000000076bc00000,0x000000076bc00000,0x0000000773700000)
  from space 10752K, 99% used [0x0000000773700000,0x000000077417f0a0,0x0000000774180000)
  to   space 16384K, 0% used [0x0000000776300000,0x0000000776300000,0x0000000777300000)
 ParOldGen       total 102912K, used 12927K [0x00000006c3400000, 0x00000006c9880000, 0x000000076bc00000)
  object space 102912K, 12% used [0x00000006c3400000,0x00000006c409fc60,0x00000006c9880000)
 Metaspace       used 32420K, capacity 34406K, committed 34688K, reserved 1079296K
  class space    used 4261K, capacity 4657K, committed 4736K, reserved 1048576K
}
Event: 2.759 GC heap before
{Heap before GC invocations=7 (full 1):
 PSYoungGen      total 136704K, used 20996K [0x000000076bc00000, 0x0000000777300000, 0x00000007c0000000)
  eden space 125952K, 8% used [0x000000076bc00000,0x000000076c602148,0x0000000773700000)
  from space 10752K, 99% used [0x0000000773700000,0x000000077417f0a0,0x0000000774180000)
  to   space 16384K, 0% used [0x0000000776300000,0x0000000776300000,0x0000000777300000)
 ParOldGen       total 102912K, used 12927K [0x00000006c3400000, 0x00000006c9880000, 0x000000076bc00000)
  object space 102912K, 12% used [0x00000006c3400000,0x00000006c409fc60,0x00000006c9880000)
 Metaspace       used 33356K, capacity 35322K, committed 35496K, reserved 1079296K
  class space    used 4373K, capacity 4747K, committed 4864K, reserved 1048576K
Event: 2.764 GC heap after
Heap after GC invocations=7 (full 1):
 PSYoungGen      total 171520K, used 9195K [0x000000076bc00000, 0x000000077b400000, 0x00000007c0000000)
  eden space 155136K, 0% used [0x000000076bc00000,0x000000076bc00000,0x0000000775380000)
  from space 16384K, 56% used [0x0000000776300000,0x0000000776bfaf80,0x0000000777300000)
  to   space 15872K, 0% used [0x0000000775380000,0x0000000775380000,0x0000000776300000)
 ParOldGen       total 102912K, used 12935K [0x00000006c3400000, 0x00000006c9880000, 0x000000076bc00000)
  object space 102912K, 12% used [0x00000006c3400000,0x00000006c40a1c60,0x00000006c9880000)
 Metaspace       used 33356K, capacity 35322K, committed 35496K, reserved 1079296K
  class space    used 4373K, capacity 4747K, committed 4864K, reserved 1048576K
}
Event: 2.764 GC heap before
{Heap before GC invocations=8 (full 2):
 PSYoungGen      total 171520K, used 9195K [0x000000076bc00000, 0x000000077b400000, 0x00000007c0000000)
  eden space 155136K, 0% used [0x000000076bc00000,0x000000076bc00000,0x0000000775380000)
  from space 16384K, 56% used [0x0000000776300000,0x0000000776bfaf80,0x0000000777300000)
  to   space 15872K, 0% used [0x0000000775380000,0x0000000775380000,0x0000000776300000)
 ParOldGen       total 102912K, used 12935K [0x00000006c3400000, 0x00000006c9880000, 0x000000076bc00000)
  object space 102912K, 12% used [0x00000006c3400000,0x00000006c40a1c60,0x00000006c9880000)
 Metaspace       used 33356K, capacity 35322K, committed 35496K, reserved 1079296K
  class space    used 4373K, capacity 4747K, committed 4864K, reserved 1048576K
Event: 2.794 GC heap after
Heap after GC invocations=8 (full 2):
 PSYoungGen      total 171520K, used 0K [0x000000076bc00000, 0x000000077b400000, 0x00000007c0000000)
  eden space 155136K, 0% used [0x000000076bc00000,0x000000076bc00000,0x0000000775380000)
  from space 16384K, 0% used [0x0000000776300000,0x0000000776300000,0x0000000777300000)
  to   space 15872K, 0% used [0x0000000775380000,0x0000000775380000,0x0000000776300000)
 ParOldGen       total 139264K, used 16027K [0x00000006c3400000, 0x00000006cbc00000, 0x000000076bc00000)
  object space 139264K, 11% used [0x00000006c3400000,0x00000006c43a6d60,0x00000006cbc00000)
 Metaspace       used 33356K, capacity 35322K, committed 35496K, reserved 1079296K
  class space    used 4373K, capacity 4747K, committed 4864K, reserved 1048576K
}
Event: 34.110 GC heap before
{Heap before GC invocations=9 (full 2):
 PSYoungGen      total 171520K, used 155136K [0x000000076bc00000, 0x000000077b400000, 0x00000007c0000000)
  eden space 155136K, 100% used [0x000000076bc00000,0x0000000775380000,0x0000000775380000)
  from space 16384K, 0% used [0x0000000776300000,0x0000000776300000,0x0000000777300000)
  to   space 15872K, 0% used [0x0000000775380000,0x0000000775380000,0x0000000776300000)
 ParOldGen       total 139264K, used 16027K [0x00000006c3400000, 0x00000006cbc00000, 0x000000076bc00000)
  object space 139264K, 11% used [0x00000006c3400000,0x00000006c43a6d60,0x00000006cbc00000)
 Metaspace       used 44346K, capacity 46966K, committed 47104K, reserved 1089536K
  class space    used 5897K, capacity 6368K, committed 6400K, reserved 1048576K
Event: 34.120 GC heap after
Heap after GC invocations=9 (full 2):
 PSYoungGen      total 171008K, used 14854K [0x000000076bc00000, 0x000000077d700000, 0x00000007c0000000)
  eden space 155136K, 0% used [0x000000076bc00000,0x000000076bc00000,0x0000000775380000)
  from space 15872K, 93% used [0x0000000775380000,0x0000000776201b20,0x0000000776300000)
  to   space 17408K, 0% used [0x000000077c600000,0x000000077c600000,0x000000077d700000)
 ParOldGen       total 139264K, used 16099K [0x00000006c3400000, 0x00000006cbc00000, 0x000000076bc00000)
  object space 139264K, 11% used [0x00000006c3400000,0x00000006c43b8d70,0x00000006cbc00000)
 Metaspace       used 44346K, capacity 46966K, committed 47104K, reserved 1089536K
  class space    used 5897K, capacity 6368K, committed 6400K, reserved 1048576K
}

