# JRE version: Java(TM) SE Runtime Environment (8.0_181-b13) (build 1.8.0_181-b13)
# Java VM: Java HotSpot(TM) 64-Bit Server VM (25.181-b13 mixed mode windows-amd64 compressed oops)
Heap:
 PSYoungGen      total 178176K, used 24794K [0x000000076bc00000, 0x000000077f000000, 0x00000007c0000000)
  eden space 162304K, 5% used [0x000000076bc00000,0x000000076c549570,0x0000000775a80000)
  from space 15872K, 96% used [0x0000000775a80000,0x000000077696d520,0x0000000776a00000)
  to   space 17920K, 0% used [0x000000077de80000,0x000000077de80000,0x000000077f000000)
 ParOldGen       total 131072K, used 16074K [0x00000006c3400000, 0x00000006cb400000, 0x000000076bc00000)
  object space 131072K, 12% used [0x00000006c3400000,0x00000006c43b2888,0x00000006cb400000)
 Metaspace       used 45738K, capacity 48351K, committed 48640K, reserved 1091584K
  class space    used 6057K, capacity 6571K, committed 6656K, reserved 1048576K
GC Heap History (10 events):
Event: 1.828 GC heap before
{Heap before GC invocations=5 (full 1):
 PSYoungGen      total 75776K, used 65024K [0x000000076bc00000, 0x0000000775000000, 0x00000007c0000000)
  eden space 65024K, 100% used [0x000000076bc00000,0x000000076fb80000,0x000000076fb80000)
  from space 10752K, 0% used [0x000000076fb80000,0x000000076fb80000,0x0000000770600000)
  to   space 10752K, 0% used [0x0000000774580000,0x0000000774580000,0x0000000775000000)
 ParOldGen       total 101888K, used 8738K [0x00000006c3400000, 0x00000006c9780000, 0x000000076bc00000)
  object space 101888K, 8% used [0x00000006c3400000,0x00000006c3c88b70,0x00000006c9780000)
 Metaspace       used 23618K, capacity 24963K, committed 25088K, reserved 1071104K
  class space    used 3217K, capacity 3498K, committed 3584K, reserved 1048576K
Event: 1.832 GC heap after
Heap after GC invocations=5 (full 1):
 PSYoungGen      total 109568K, used 6534K [0x000000076bc00000, 0x0000000774c00000, 0x00000007c0000000)
  eden space 102912K, 0% used [0x000000076bc00000,0x000000076bc00000,0x0000000772080000)
  from space 6656K, 98% used [0x0000000774580000,0x0000000774be1a40,0x0000000774c00000)
  to   space 10752K, 0% used [0x0000000773700000,0x0000000773700000,0x0000000774180000)
 ParOldGen       total 101888K, used 8746K [0x00000006c3400000, 0x00000006c9780000, 0x000000076bc00000)
  object space 101888K, 8% used [0x00000006c3400000,0x00000006c3c8ab70,0x00000006c9780000)
 Metaspace       used 23618K, capacity 24963K, committed 25088K, reserved 1071104K
  class space    used 3217K, capacity 3498K, committed 3584K, reserved 1048576K
}
Event: 2.830 GC heap before
{Heap before GC invocations=6 (full 1):
 PSYoungGen      total 109568K, used 109446K [0x000000076bc00000, 0x0000000774c00000, 0x00000007c0000000)
  eden space 102912K, 100% used [0x000000076bc00000,0x0000000772080000,0x0000000772080000)
  from space 6656K, 98% used [0x0000000774580000,0x0000000774be1a40,0x0000000774c00000)
  to   space 10752K, 0% used [0x0000000773700000,0x0000000773700000,0x0000000774180000)
 ParOldGen       total 101888K, used 8746K [0x00000006c3400000, 0x00000006c9780000, 0x000000076bc00000)
  object space 101888K, 8% used [0x00000006c3400000,0x00000006c3c8ab70,0x00000006c9780000)
 Metaspace       used 32449K, capacity 34405K, committed 34688K, reserved 1079296K
  class space    used 4266K, capacity 4657K, committed 4736K, reserved 1048576K
Event: 2.846 GC heap after
Heap after GC invocations=6 (full 1):
 PSYoungGen      total 136704K, used 10748K [0x000000076bc00000, 0x0000000777a80000, 0x00000007c0000000)
  eden space 125952K, 0% used [0x000000076bc00000,0x000000076bc00000,0x0000000773700000)
  from space 10752K, 99% used [0x0000000773700000,0x000000077417f3c0,0x0000000774180000)
  to   space 16896K, 0% used [0x0000000776a00000,0x0000000776a00000,0x0000000777a80000)
 ParOldGen       total 101888K, used 12956K [0x00000006c3400000, 0x00000006c9780000, 0x000000076bc00000)
  object space 101888K, 12% used [0x00000006c3400000,0x00000006c40a7210,0x00000006c9780000)
 Metaspace       used 32449K, capacity 34405K, committed 34688K, reserved 1079296K
  class space    used 4266K, capacity 4657K, committed 4736K, reserved 1048576K
}
Event: 2.879 GC heap before
{Heap before GC invocations=7 (full 1):
 PSYoungGen      total 136704K, used 21411K [0x000000076bc00000, 0x0000000777a80000, 0x00000007c0000000)
  eden space 125952K, 8% used [0x000000076bc00000,0x000000076c6698d0,0x0000000773700000)
  from space 10752K, 99% used [0x0000000773700000,0x000000077417f3c0,0x0000000774180000)
  to   space 16896K, 0% used [0x0000000776a00000,0x0000000776a00000,0x0000000777a80000)
 ParOldGen       total 101888K, used 12956K [0x00000006c3400000, 0x00000006c9780000, 0x000000076bc00000)
  object space 101888K, 12% used [0x00000006c3400000,0x00000006c40a7210,0x00000006c9780000)
 Metaspace       used 33358K, capacity 35321K, committed 35496K, reserved 1079296K
  class space    used 4373K, capacity 4747K, committed 4864K, reserved 1048576K
Event: 2.886 GC heap after
Heap after GC invocations=7 (full 1):
 PSYoungGen      total 179200K, used 9315K [0x000000076bc00000, 0x000000077b880000, 0x00000007c0000000)
  eden space 162304K, 0% used [0x000000076bc00000,0x000000076bc00000,0x0000000775a80000)
  from space 16896K, 55% used [0x0000000776a00000,0x0000000777318ff0,0x0000000777a80000)
  to   space 15872K, 0% used [0x0000000775a80000,0x0000000775a80000,0x0000000776a00000)
 ParOldGen       total 101888K, used 12964K [0x00000006c3400000, 0x00000006c9780000, 0x000000076bc00000)
  object space 101888K, 12% used [0x00000006c3400000,0x00000006c40a9210,0x00000006c9780000)
 Metaspace       used 33358K, capacity 35321K, committed 35496K, reserved 1079296K
  class space    used 4373K, capacity 4747K, committed 4864K, reserved 1048576K
}
Event: 2.886 GC heap before
{Heap before GC invocations=8 (full 2):
 PSYoungGen      total 179200K, used 9315K [0x000000076bc00000, 0x000000077b880000, 0x00000007c0000000)
  eden space 162304K, 0% used [0x000000076bc00000,0x000000076bc00000,0x0000000775a80000)
  from space 16896K, 55% used [0x0000000776a00000,0x0000000777318ff0,0x0000000777a80000)
  to   space 15872K, 0% used [0x0000000775a80000,0x0000000775a80000,0x0000000776a00000)
 ParOldGen       total 101888K, used 12964K [0x00000006c3400000, 0x00000006c9780000, 0x000000076bc00000)
  object space 101888K, 12% used [0x00000006c3400000,0x00000006c40a9210,0x00000006c9780000)
 Metaspace       used 33358K, capacity 35321K, committed 35496K, reserved 1079296K
  class space    used 4373K, capacity 4747K, committed 4864K, reserved 1048576K
Event: 2.914 GC heap after
Heap after GC invocations=8 (full 2):
 PSYoungGen      total 179200K, used 0K [0x000000076bc00000, 0x000000077b880000, 0x00000007c0000000)
  eden space 162304K, 0% used [0x000000076bc00000,0x000000076bc00000,0x0000000775a80000)
  from space 16896K, 0% used [0x0000000776a00000,0x0000000776a00000,0x0000000777a80000)
  to   space 15872K, 0% used [0x0000000775a80000,0x0000000775a80000,0x0000000776a00000)
 ParOldGen       total 131072K, used 16002K [0x00000006c3400000, 0x00000006cb400000, 0x000000076bc00000)
  object space 131072K, 12% used [0x00000006c3400000,0x00000006c43a0878,0x00000006cb400000)
 Metaspace       used 33358K, capacity 35321K, committed 35496K, reserved 1079296K
  class space    used 4373K, capacity 4747K, committed 4864K, reserved 1048576K
}
Event: 17.415 GC heap before
{Heap before GC invocations=9 (full 2):
 PSYoungGen      total 179200K, used 162304K [0x000000076bc00000, 0x000000077b880000, 0x00000007c0000000)
  eden space 162304K, 100% used [0x000000076bc00000,0x0000000775a80000,0x0000000775a80000)
  from space 16896K, 0% used [0x0000000776a00000,0x0000000776a00000,0x0000000777a80000)
  to   space 15872K, 0% used [0x0000000775a80000,0x0000000775a80000,0x0000000776a00000)
 ParOldGen       total 131072K, used 16002K [0x00000006c3400000, 0x00000006cb400000, 0x000000076bc00000)
  object space 131072K, 12% used [0x00000006c3400000,0x00000006c43a0878,0x00000006cb400000)
 Metaspace       used 44806K, capacity 47449K, committed 47744K, reserved 1091584K
  class space    used 5942K, capacity 6442K, committed 6528K, reserved 1048576K
Event: 17.425 GC heap after
Heap after GC invocations=9 (full 2):
 PSYoungGen      total 178176K, used 15285K [0x000000076bc00000, 0x000000077f000000, 0x00000007c0000000)
  eden space 162304K, 0% used [0x000000076bc00000,0x000000076bc00000,0x0000000775a80000)
  from space 15872K, 96% used [0x0000000775a80000,0x000000077696d520,0x0000000776a00000)
  to   space 17920K, 0% used [0x000000077de80000,0x000000077de80000,0x000000077f000000)
 ParOldGen       total 131072K, used 16074K [0x00000006c3400000, 0x00000006cb400000, 0x000000076bc00000)
  object space 131072K, 12% used [0x00000006c3400000,0x00000006c43b2888,0x00000006cb400000)
 Metaspace       used 44806K, capacity 47449K, committed 47744K, reserved 1091584K
  class space    used 5942K, capacity 6442K, committed 6528K, reserved 1048576K
}

