# JRE version: Java(TM) SE Runtime Environment (8.0_181-b13) (build 1.8.0_181-b13)
# Java VM: Java HotSpot(TM) 64-Bit Server VM (25.181-b13 mixed mode windows-amd64 compressed oops)
Heap:
 PSYoungGen      total 246272K, used 172679K [0x000000076bc00000, 0x000000077c080000, 0x00000007c0000000)
  eden space 233984K, 73% used [0x000000076bc00000,0x00000007764a1fd0,0x000000077a080000)
  from space 12288K, 0% used [0x000000077b480000,0x000000077b480000,0x000000077c080000)
  to   space 15872K, 0% used [0x000000077a180000,0x000000077a180000,0x000000077b100000)
 ParOldGen       total 116736K, used 18219K [0x00000006c3400000, 0x00000006ca600000, 0x000000076bc00000)
  object space 116736K, 15% used [0x00000006c3400000,0x00000006c45cacf8,0x00000006ca600000)
 Metaspace       used 45736K, capacity 48356K, committed 48640K, reserved 1091584K
  class space    used 6057K, capacity 6572K, committed 6656K, reserved 1048576K
GC Heap History (10 events):
Event: 1.462 GC heap before
{Heap before GC invocations=4 (full 0):
 PSYoungGen      total 75776K, used 11128K [0x000000076bc00000, 0x0000000775000000, 0x00000007c0000000)
  eden space 65024K, 3% used [0x000000076bc00000,0x000000076bdfe0a0,0x000000076fb80000)
  from space 10752K, 84% used [0x000000076fb80000,0x0000000770460338,0x0000000770600000)
  to   space 10752K, 0% used [0x0000000774580000,0x0000000774580000,0x0000000775000000)
 ParOldGen       total 173568K, used 1705K [0x00000006c3400000, 0x00000006cdd80000, 0x000000076bc00000)
  object space 173568K, 0% used [0x00000006c3400000,0x00000006c35aa5c8,0x00000006cdd80000)
 Metaspace       used 20408K, capacity 21424K, committed 21628K, reserved 1069056K
  class space    used 2709K, capacity 2944K, committed 2944K, reserved 1048576K
Event: 1.466 GC heap after
Heap after GC invocations=4 (full 0):
 PSYoungGen      total 140800K, used 7502K [0x000000076bc00000, 0x0000000775000000, 0x00000007c0000000)
  eden space 130048K, 0% used [0x000000076bc00000,0x000000076bc00000,0x0000000773b00000)
  from space 10752K, 69% used [0x0000000774580000,0x0000000774cd3ad8,0x0000000775000000)
  to   space 10752K, 0% used [0x0000000773b00000,0x0000000773b00000,0x0000000774580000)
 ParOldGen       total 173568K, used 1713K [0x00000006c3400000, 0x00000006cdd80000, 0x000000076bc00000)
  object space 173568K, 0% used [0x00000006c3400000,0x00000006c35ac5c8,0x00000006cdd80000)
 Metaspace       used 20408K, capacity 21424K, committed 21628K, reserved 1069056K
  class space    used 2709K, capacity 2944K, committed 2944K, reserved 1048576K
}
Event: 1.466 GC heap before
{Heap before GC invocations=5 (full 1):
 PSYoungGen      total 140800K, used 7502K [0x000000076bc00000, 0x0000000775000000, 0x00000007c0000000)
  eden space 130048K, 0% used [0x000000076bc00000,0x000000076bc00000,0x0000000773b00000)
  from space 10752K, 69% used [0x0000000774580000,0x0000000774cd3ad8,0x0000000775000000)
  to   space 10752K, 0% used [0x0000000773b00000,0x0000000773b00000,0x0000000774580000)
 ParOldGen       total 173568K, used 1713K [0x00000006c3400000, 0x00000006cdd80000, 0x000000076bc00000)
  object space 173568K, 0% used [0x00000006c3400000,0x00000006c35ac5c8,0x00000006cdd80000)
 Metaspace       used 20408K, capacity 21424K, committed 21628K, reserved 1069056K
  class space    used 2709K, capacity 2944K, committed 2944K, reserved 1048576K
Event: 1.489 GC heap after
Heap after GC invocations=5 (full 1):
 PSYoungGen      total 140800K, used 0K [0x000000076bc00000, 0x0000000775000000, 0x00000007c0000000)
  eden space 130048K, 0% used [0x000000076bc00000,0x000000076bc00000,0x0000000773b00000)
  from space 10752K, 0% used [0x0000000774580000,0x0000000774580000,0x0000000775000000)
  to   space 10752K, 0% used [0x0000000773b00000,0x0000000773b00000,0x0000000774580000)
 ParOldGen       total 82944K, used 7278K [0x00000006c3400000, 0x00000006c8500000, 0x000000076bc00000)
  object space 82944K, 8% used [0x00000006c3400000,0x00000006c3b1bbd8,0x00000006c8500000)
 Metaspace       used 20408K, capacity 21424K, committed 21628K, reserved 1069056K
  class space    used 2709K, capacity 2944K, committed 2944K, reserved 1048576K
}
Event: 2.209 GC heap before
{Heap before GC invocations=6 (full 1):
 PSYoungGen      total 140800K, used 130048K [0x000000076bc00000, 0x0000000775000000, 0x00000007c0000000)
  eden space 130048K, 100% used [0x000000076bc00000,0x0000000773b00000,0x0000000773b00000)
  from space 10752K, 0% used [0x0000000774580000,0x0000000774580000,0x0000000775000000)
  to   space 10752K, 0% used [0x0000000773b00000,0x0000000773b00000,0x0000000774580000)
 ParOldGen       total 82944K, used 7278K [0x00000006c3400000, 0x00000006c8500000, 0x000000076bc00000)
  object space 82944K, 8% used [0x00000006c3400000,0x00000006c3b1bbd8,0x00000006c8500000)
 Metaspace       used 28474K, capacity 30392K, committed 30592K, reserved 1075200K
  class space    used 3837K, capacity 4209K, committed 4224K, reserved 1048576K
Event: 2.216 GC heap after
Heap after GC invocations=6 (full 1):
 PSYoungGen      total 140800K, used 10749K [0x000000076bc00000, 0x000000077c380000, 0x00000007c0000000)
  eden space 130048K, 0% used [0x000000076bc00000,0x000000076bc00000,0x0000000773b00000)
  from space 10752K, 99% used [0x0000000773b00000,0x000000077457f460,0x0000000774580000)
  to   space 15360K, 0% used [0x000000077b480000,0x000000077b480000,0x000000077c380000)
 ParOldGen       total 82944K, used 10031K [0x00000006c3400000, 0x00000006c8500000, 0x000000076bc00000)
  object space 82944K, 12% used [0x00000006c3400000,0x00000006c3dcbd98,0x00000006c8500000)
 Metaspace       used 28474K, capacity 30392K, committed 30592K, reserved 1075200K
  class space    used 3837K, capacity 4209K, committed 4224K, reserved 1048576K
}
Event: 2.784 GC heap before
{Heap before GC invocations=7 (full 1):
 PSYoungGen      total 140800K, used 62084K [0x000000076bc00000, 0x000000077c380000, 0x00000007c0000000)
  eden space 130048K, 39% used [0x000000076bc00000,0x000000076ee21d08,0x0000000773b00000)
  from space 10752K, 99% used [0x0000000773b00000,0x000000077457f460,0x0000000774580000)
  to   space 15360K, 0% used [0x000000077b480000,0x000000077b480000,0x000000077c380000)
 ParOldGen       total 82944K, used 10031K [0x00000006c3400000, 0x00000006c8500000, 0x000000076bc00000)
  object space 82944K, 12% used [0x00000006c3400000,0x00000006c3dcbd98,0x00000006c8500000)
 Metaspace       used 34006K, capacity 35994K, committed 36048K, reserved 1081344K
  class space    used 4449K, capacity 4844K, committed 4864K, reserved 1048576K
Event: 2.791 GC heap after
Heap after GC invocations=7 (full 1):
 PSYoungGen      total 246272K, used 12198K [0x000000076bc00000, 0x000000077c080000, 0x00000007c0000000)
  eden space 233984K, 0% used [0x000000076bc00000,0x000000076bc00000,0x000000077a080000)
  from space 12288K, 99% used [0x000000077b480000,0x000000077c069988,0x000000077c080000)
  to   space 15872K, 0% used [0x000000077a180000,0x000000077a180000,0x000000077b100000)
 ParOldGen       total 82944K, used 10103K [0x00000006c3400000, 0x00000006c8500000, 0x000000076bc00000)
  object space 82944K, 12% used [0x00000006c3400000,0x00000006c3dddda8,0x00000006c8500000)
 Metaspace       used 34006K, capacity 35994K, committed 36048K, reserved 1081344K
  class space    used 4449K, capacity 4844K, committed 4864K, reserved 1048576K
}
Event: 2.791 GC heap before
{Heap before GC invocations=8 (full 2):
 PSYoungGen      total 246272K, used 12198K [0x000000076bc00000, 0x000000077c080000, 0x00000007c0000000)
  eden space 233984K, 0% used [0x000000076bc00000,0x000000076bc00000,0x000000077a080000)
  from space 12288K, 99% used [0x000000077b480000,0x000000077c069988,0x000000077c080000)
  to   space 15872K, 0% used [0x000000077a180000,0x000000077a180000,0x000000077b100000)
 ParOldGen       total 82944K, used 10103K [0x00000006c3400000, 0x00000006c8500000, 0x000000076bc00000)
  object space 82944K, 12% used [0x00000006c3400000,0x00000006c3dddda8,0x00000006c8500000)
 Metaspace       used 34006K, capacity 35994K, committed 36048K, reserved 1081344K
  class space    used 4449K, capacity 4844K, committed 4864K, reserved 1048576K
Event: 2.835 GC heap after
Heap after GC invocations=8 (full 2):
 PSYoungGen      total 246272K, used 0K [0x000000076bc00000, 0x000000077c080000, 0x00000007c0000000)
  eden space 233984K, 0% used [0x000000076bc00000,0x000000076bc00000,0x000000077a080000)
  from space 12288K, 0% used [0x000000077b480000,0x000000077b480000,0x000000077c080000)
  to   space 15872K, 0% used [0x000000077a180000,0x000000077a180000,0x000000077b100000)
 ParOldGen       total 116736K, used 18219K [0x00000006c3400000, 0x00000006ca600000, 0x000000076bc00000)
  object space 116736K, 15% used [0x00000006c3400000,0x00000006c45cacf8,0x00000006ca600000)
 Metaspace       used 34006K, capacity 35994K, committed 36048K, reserved 1081344K
  class space    used 4449K, capacity 4844K, committed 4864K, reserved 1048576K
}

