# JRE version: Java(TM) SE Runtime Environment (8.0_181-b13) (build 1.8.0_181-b13)
# Java VM: Java HotSpot(TM) 64-Bit Server VM (25.181-b13 mixed mode windows-amd64 compressed oops)
Heap:
 PSYoungGen      total 184832K, used 17588K [0x000000076bc00000, 0x0000000778e80000, 0x00000007c0000000)
  eden space 180224K, 7% used [0x000000076bc00000,0x000000076c8b37a0,0x0000000776c00000)
  from space 4608K, 99% used [0x0000000776c00000,0x0000000777079a98,0x0000000777080000)
  to   space 7680K, 0% used [0x0000000778700000,0x0000000778700000,0x0000000778e80000)
 ParOldGen       total 156672K, used 70996K [0x00000006c3400000, 0x00000006ccd00000, 0x000000076bc00000)
  object space 156672K, 45% used [0x00000006c3400000,0x00000006c7955118,0x00000006ccd00000)
 Metaspace       used 49465K, capacity 53546K, committed 53632K, reserved 1095680K
  class space    used 6575K, capacity 7274K, committed 7296K, reserved 1048576K
GC Heap History (10 events):
Event: 1396.209 GC heap after
Heap after GC invocations=152 (full 2):
 PSYoungGen      total 189952K, used 384K [0x000000076bc00000, 0x0000000777a80000, 0x00000007c0000000)
  eden space 185856K, 0% used [0x000000076bc00000,0x000000076bc00000,0x0000000777180000)
  from space 4096K, 9% used [0x0000000777680000,0x00000007776e0000,0x0000000777a80000)
  to   space 4608K, 0% used [0x0000000777180000,0x0000000777180000,0x0000000777600000)
 ParOldGen       total 156672K, used 64301K [0x00000006c3400000, 0x00000006ccd00000, 0x000000076bc00000)
  object space 156672K, 41% used [0x00000006c3400000,0x00000006c72cb558,0x00000006ccd00000)
 Metaspace       used 48052K, capacity 52040K, committed 52224K, reserved 1093632K
  class space    used 6401K, capacity 7055K, committed 7168K, reserved 1048576K
}
Event: 1396.419 GC heap before
{Heap before GC invocations=153 (full 2):
 PSYoungGen      total 189952K, used 186240K [0x000000076bc00000, 0x0000000777a80000, 0x00000007c0000000)
  eden space 185856K, 100% used [0x000000076bc00000,0x0000000777180000,0x0000000777180000)
  from space 4096K, 9% used [0x0000000777680000,0x00000007776e0000,0x0000000777a80000)
  to   space 4608K, 0% used [0x0000000777180000,0x0000000777180000,0x0000000777600000)
 ParOldGen       total 156672K, used 64301K [0x00000006c3400000, 0x00000006ccd00000, 0x000000076bc00000)
  object space 156672K, 41% used [0x00000006c3400000,0x00000006c72cb558,0x00000006ccd00000)
 Metaspace       used 48052K, capacity 52040K, committed 52224K, reserved 1093632K
  class space    used 6401K, capacity 7055K, committed 7168K, reserved 1048576K
Event: 1396.420 GC heap after
Heap after GC invocations=153 (full 2):
 PSYoungGen      total 182784K, used 1792K [0x000000076bc00000, 0x0000000777700000, 0x00000007c0000000)
  eden space 180736K, 0% used [0x000000076bc00000,0x000000076bc00000,0x0000000776c80000)
  from space 2048K, 87% used [0x0000000777180000,0x0000000777340000,0x0000000777380000)
  to   space 3584K, 0% used [0x0000000777380000,0x0000000777380000,0x0000000777700000)
 ParOldGen       total 156672K, used 64341K [0x00000006c3400000, 0x00000006ccd00000, 0x000000076bc00000)
  object space 156672K, 41% used [0x00000006c3400000,0x00000006c72d5558,0x00000006ccd00000)
 Metaspace       used 48052K, capacity 52040K, committed 52224K, reserved 1093632K
  class space    used 6401K, capacity 7055K, committed 7168K, reserved 1048576K
}
Event: 1396.803 GC heap before
{Heap before GC invocations=154 (full 2):
 PSYoungGen      total 182784K, used 182487K [0x000000076bc00000, 0x0000000777700000, 0x00000007c0000000)
  eden space 180736K, 99% used [0x000000076bc00000,0x0000000776c75cb0,0x0000000776c80000)
  from space 2048K, 87% used [0x0000000777180000,0x0000000777340000,0x0000000777380000)
  to   space 3584K, 0% used [0x0000000777380000,0x0000000777380000,0x0000000777700000)
 ParOldGen       total 156672K, used 64341K [0x00000006c3400000, 0x00000006ccd00000, 0x000000076bc00000)
  object space 156672K, 41% used [0x00000006c3400000,0x00000006c72d5558,0x00000006ccd00000)
 Metaspace       used 48052K, capacity 52040K, committed 52224K, reserved 1093632K
  class space    used 6401K, capacity 7055K, committed 7168K, reserved 1048576K
Event: 1396.805 GC heap after
Heap after GC invocations=154 (full 2):
 PSYoungGen      total 177664K, used 2037K [0x000000076bc00000, 0x0000000777580000, 0x00000007c0000000)
  eden space 175616K, 0% used [0x000000076bc00000,0x000000076bc00000,0x0000000776780000)
  from space 2048K, 99% used [0x0000000777380000,0x000000077757d760,0x0000000777580000)
  to   space 4096K, 0% used [0x0000000776d80000,0x0000000776d80000,0x0000000777180000)
 ParOldGen       total 156672K, used 64381K [0x00000006c3400000, 0x00000006ccd00000, 0x000000076bc00000)
  object space 156672K, 41% used [0x00000006c3400000,0x00000006c72df558,0x00000006ccd00000)
 Metaspace       used 48052K, capacity 52040K, committed 52224K, reserved 1093632K
  class space    used 6401K, capacity 7055K, committed 7168K, reserved 1048576K
}
Event: 1956.673 GC heap before
{Heap before GC invocations=155 (full 2):
 PSYoungGen      total 177664K, used 177653K [0x000000076bc00000, 0x0000000777580000, 0x00000007c0000000)
  eden space 175616K, 100% used [0x000000076bc00000,0x0000000776780000,0x0000000776780000)
  from space 2048K, 99% used [0x0000000777380000,0x000000077757d760,0x0000000777580000)
  to   space 4096K, 0% used [0x0000000776d80000,0x0000000776d80000,0x0000000777180000)
 ParOldGen       total 156672K, used 64381K [0x00000006c3400000, 0x00000006ccd00000, 0x000000076bc00000)
  object space 156672K, 41% used [0x00000006c3400000,0x00000006c72df558,0x00000006ccd00000)
 Metaspace       used 49420K, capacity 53444K, committed 53632K, reserved 1095680K
  class space    used 6565K, capacity 7257K, committed 7296K, reserved 1048576K
Event: 1956.677 GC heap after
Heap after GC invocations=155 (full 2):
 PSYoungGen      total 174080K, used 2734K [0x000000076bc00000, 0x0000000777400000, 0x00000007c0000000)
  eden space 171008K, 0% used [0x000000076bc00000,0x000000076bc00000,0x0000000776300000)
  from space 3072K, 89% used [0x0000000776d80000,0x000000077702b990,0x0000000777080000)
  to   space 3584K, 0% used [0x0000000777080000,0x0000000777080000,0x0000000777400000)
 ParOldGen       total 156672K, used 64437K [0x00000006c3400000, 0x00000006ccd00000, 0x000000076bc00000)
  object space 156672K, 41% used [0x00000006c3400000,0x00000006c72ed558,0x00000006ccd00000)
 Metaspace       used 49420K, capacity 53444K, committed 53632K, reserved 1095680K
  class space    used 6565K, capacity 7257K, committed 7296K, reserved 1048576K
}
Event: 1965.557 GC heap before
{Heap before GC invocations=156 (full 2):
 PSYoungGen      total 174080K, used 173742K [0x000000076bc00000, 0x0000000777400000, 0x00000007c0000000)
  eden space 171008K, 100% used [0x000000076bc00000,0x0000000776300000,0x0000000776300000)
  from space 3072K, 89% used [0x0000000776d80000,0x000000077702b990,0x0000000777080000)
  to   space 3584K, 0% used [0x0000000777080000,0x0000000777080000,0x0000000777400000)
 ParOldGen       total 156672K, used 64437K [0x00000006c3400000, 0x00000006ccd00000, 0x000000076bc00000)
  object space 156672K, 41% used [0x00000006c3400000,0x00000006c72ed558,0x00000006ccd00000)
 Metaspace       used 49459K, capacity 53546K, committed 53632K, reserved 1095680K
  class space    used 6575K, capacity 7274K, committed 7296K, reserved 1048576K
Event: 1966.104 GC heap after
Heap after GC invocations=156 (full 2):
 PSYoungGen      total 183808K, used 3556K [0x000000076bc00000, 0x0000000777c80000, 0x00000007c0000000)
  eden space 180224K, 0% used [0x000000076bc00000,0x000000076bc00000,0x0000000776c00000)
  from space 3584K, 99% used [0x0000000777080000,0x00000007773f91d0,0x0000000777400000)
  to   space 4608K, 0% used [0x0000000776c00000,0x0000000776c00000,0x0000000777080000)
 ParOldGen       total 156672K, used 64987K [0x00000006c3400000, 0x00000006ccd00000, 0x000000076bc00000)
  object space 156672K, 41% used [0x00000006c3400000,0x00000006c7376e00,0x00000006ccd00000)
 Metaspace       used 49459K, capacity 53546K, committed 53632K, reserved 1095680K
  class space    used 6575K, capacity 7274K, committed 7296K, reserved 1048576K
}
Event: 1980.745 GC heap before
{Heap before GC invocations=157 (full 2):
 PSYoungGen      total 183808K, used 183780K [0x000000076bc00000, 0x0000000777c80000, 0x00000007c0000000)
  eden space 180224K, 100% used [0x000000076bc00000,0x0000000776c00000,0x0000000776c00000)
  from space 3584K, 99% used [0x0000000777080000,0x00000007773f91d0,0x0000000777400000)
  to   space 4608K, 0% used [0x0000000776c00000,0x0000000776c00000,0x0000000777080000)
 ParOldGen       total 156672K, used 64987K [0x00000006c3400000, 0x00000006ccd00000, 0x000000076bc00000)
  object space 156672K, 41% used [0x00000006c3400000,0x00000006c7376e00,0x00000006ccd00000)
 Metaspace       used 49465K, capacity 53546K, committed 53632K, reserved 1095680K
  class space    used 6575K, capacity 7274K, committed 7296K, reserved 1048576K

