# JRE version: Java(TM) SE Runtime Environment (8.0_181-b13) (build 1.8.0_181-b13)
# Java VM: Java HotSpot(TM) 64-Bit Server VM (25.181-b13 mixed mode windows-amd64 compressed oops)
Heap:
 PSYoungGen      total 170496K, used 30517K [0x000000076bc00000, 0x000000077cb80000, 0x00000007c0000000)
  eden space 154624K, 10% used [0x000000076bc00000,0x000000076cbd5b10,0x0000000775300000)
  from space 15872K, 90% used [0x0000000775300000,0x00000007760f7bd8,0x0000000776280000)
  to   space 17408K, 0% used [0x000000077ba80000,0x000000077ba80000,0x000000077cb80000)
 ParOldGen       total 145408K, used 16272K [0x00000006c3400000, 0x00000006cc200000, 0x000000076bc00000)
  object space 145408K, 11% used [0x00000006c3400000,0x00000006c43e4358,0x00000006cc200000)
 Metaspace       used 45742K, capacity 48352K, committed 48640K, reserved 1091584K
  class space    used 6058K, capacity 6571K, committed 6656K, reserved 1048576K
GC Heap History (10 events):
Event: 1.813 GC heap before
{Heap before GC invocations=5 (full 1):
 PSYoungGen      total 75776K, used 65024K [0x000000076bc00000, 0x0000000775000000, 0x00000007c0000000)
  eden space 65024K, 100% used [0x000000076bc00000,0x000000076fb80000,0x000000076fb80000)
  from space 10752K, 0% used [0x000000076fb80000,0x000000076fb80000,0x0000000770600000)
  to   space 10752K, 0% used [0x0000000774580000,0x0000000774580000,0x0000000775000000)
 ParOldGen       total 102400K, used 8714K [0x00000006c3400000, 0x00000006c9800000, 0x000000076bc00000)
  object space 102400K, 8% used [0x00000006c3400000,0x00000006c3c82998,0x00000006c9800000)
 Metaspace       used 23589K, capacity 24964K, committed 25088K, reserved 1071104K
  class space    used 3206K, capacity 3498K, committed 3584K, reserved 1048576K
Event: 1.817 GC heap after
Heap after GC invocations=5 (full 1):
 PSYoungGen      total 108032K, used 6611K [0x000000076bc00000, 0x0000000774c00000, 0x00000007c0000000)
  eden space 101376K, 0% used [0x000000076bc00000,0x000000076bc00000,0x0000000771f00000)
  from space 6656K, 99% used [0x0000000774580000,0x0000000774bf4e98,0x0000000774c00000)
  to   space 10752K, 0% used [0x0000000773700000,0x0000000773700000,0x0000000774180000)
 ParOldGen       total 102400K, used 8722K [0x00000006c3400000, 0x00000006c9800000, 0x000000076bc00000)
  object space 102400K, 8% used [0x00000006c3400000,0x00000006c3c84998,0x00000006c9800000)
 Metaspace       used 23589K, capacity 24964K, committed 25088K, reserved 1071104K
  class space    used 3206K, capacity 3498K, committed 3584K, reserved 1048576K
}
Event: 2.707 GC heap before
{Heap before GC invocations=6 (full 1):
 PSYoungGen      total 108032K, used 107987K [0x000000076bc00000, 0x0000000774c00000, 0x00000007c0000000)
  eden space 101376K, 100% used [0x000000076bc00000,0x0000000771f00000,0x0000000771f00000)
  from space 6656K, 99% used [0x0000000774580000,0x0000000774bf4e98,0x0000000774c00000)
  to   space 10752K, 0% used [0x0000000773700000,0x0000000773700000,0x0000000774180000)
 ParOldGen       total 102400K, used 8722K [0x00000006c3400000, 0x00000006c9800000, 0x000000076bc00000)
  object space 102400K, 8% used [0x00000006c3400000,0x00000006c3c84998,0x00000006c9800000)
 Metaspace       used 32240K, capacity 34214K, committed 34432K, reserved 1079296K
  class space    used 4241K, capacity 4619K, committed 4736K, reserved 1048576K
Event: 2.714 GC heap after
Heap after GC invocations=6 (full 1):
 PSYoungGen      total 136704K, used 10751K [0x000000076bc00000, 0x0000000777280000, 0x00000007c0000000)
  eden space 125952K, 0% used [0x000000076bc00000,0x000000076bc00000,0x0000000773700000)
  from space 10752K, 99% used [0x0000000773700000,0x000000077417fdf8,0x0000000774180000)
  to   space 16384K, 0% used [0x0000000776280000,0x0000000776280000,0x0000000777280000)
 ParOldGen       total 102400K, used 12841K [0x00000006c3400000, 0x00000006c9800000, 0x000000076bc00000)
  object space 102400K, 12% used [0x00000006c3400000,0x00000006c408a628,0x00000006c9800000)
 Metaspace       used 32240K, capacity 34214K, committed 34432K, reserved 1079296K
  class space    used 4241K, capacity 4619K, committed 4736K, reserved 1048576K
}
Event: 2.757 GC heap before
{Heap before GC invocations=7 (full 1):
 PSYoungGen      total 136704K, used 24641K [0x000000076bc00000, 0x0000000777280000, 0x00000007c0000000)
  eden space 125952K, 11% used [0x000000076bc00000,0x000000076c9908a0,0x0000000773700000)
  from space 10752K, 99% used [0x0000000773700000,0x000000077417fdf8,0x0000000774180000)
  to   space 16384K, 0% used [0x0000000776280000,0x0000000776280000,0x0000000777280000)
 ParOldGen       total 102400K, used 12841K [0x00000006c3400000, 0x00000006c9800000, 0x000000076bc00000)
  object space 102400K, 12% used [0x00000006c3400000,0x00000006c408a628,0x00000006c9800000)
 Metaspace       used 33345K, capacity 35322K, committed 35496K, reserved 1079296K
  class space    used 4369K, capacity 4747K, committed 4864K, reserved 1048576K
Event: 2.761 GC heap after
Heap after GC invocations=7 (full 1):
 PSYoungGen      total 171008K, used 9372K [0x000000076bc00000, 0x000000077aa00000, 0x00000007c0000000)
  eden space 154624K, 0% used [0x000000076bc00000,0x000000076bc00000,0x0000000775300000)
  from space 16384K, 57% used [0x0000000776280000,0x0000000776ba7208,0x0000000777280000)
  to   space 15872K, 0% used [0x0000000775300000,0x0000000775300000,0x0000000776280000)
 ParOldGen       total 102400K, used 12849K [0x00000006c3400000, 0x00000006c9800000, 0x000000076bc00000)
  object space 102400K, 12% used [0x00000006c3400000,0x00000006c408c628,0x00000006c9800000)
 Metaspace       used 33345K, capacity 35322K, committed 35496K, reserved 1079296K
  class space    used 4369K, capacity 4747K, committed 4864K, reserved 1048576K
}
Event: 2.761 GC heap before
{Heap before GC invocations=8 (full 2):
 PSYoungGen      total 171008K, used 9372K [0x000000076bc00000, 0x000000077aa00000, 0x00000007c0000000)
  eden space 154624K, 0% used [0x000000076bc00000,0x000000076bc00000,0x0000000775300000)
  from space 16384K, 57% used [0x0000000776280000,0x0000000776ba7208,0x0000000777280000)
  to   space 15872K, 0% used [0x0000000775300000,0x0000000775300000,0x0000000776280000)
 ParOldGen       total 102400K, used 12849K [0x00000006c3400000, 0x00000006c9800000, 0x000000076bc00000)
  object space 102400K, 12% used [0x00000006c3400000,0x00000006c408c628,0x00000006c9800000)
 Metaspace       used 33345K, capacity 35322K, committed 35496K, reserved 1079296K
  class space    used 4369K, capacity 4747K, committed 4864K, reserved 1048576K
Event: 2.791 GC heap after
Heap after GC invocations=8 (full 2):
 PSYoungGen      total 171008K, used 0K [0x000000076bc00000, 0x000000077aa00000, 0x00000007c0000000)
  eden space 154624K, 0% used [0x000000076bc00000,0x000000076bc00000,0x0000000775300000)
  from space 16384K, 0% used [0x0000000776280000,0x0000000776280000,0x0000000777280000)
  to   space 15872K, 0% used [0x0000000775300000,0x0000000775300000,0x0000000776280000)
 ParOldGen       total 145408K, used 16200K [0x00000006c3400000, 0x00000006cc200000, 0x000000076bc00000)
  object space 145408K, 11% used [0x00000006c3400000,0x00000006c43d2348,0x00000006cc200000)
 Metaspace       used 33345K, capacity 35322K, committed 35496K, reserved 1079296K
  class space    used 4369K, capacity 4747K, committed 4864K, reserved 1048576K
}
Event: 11.192 GC heap before
{Heap before GC invocations=9 (full 2):
 PSYoungGen      total 171008K, used 154624K [0x000000076bc00000, 0x000000077aa00000, 0x00000007c0000000)
  eden space 154624K, 100% used [0x000000076bc00000,0x0000000775300000,0x0000000775300000)
  from space 16384K, 0% used [0x0000000776280000,0x0000000776280000,0x0000000777280000)
  to   space 15872K, 0% used [0x0000000775300000,0x0000000775300000,0x0000000776280000)
 ParOldGen       total 145408K, used 16200K [0x00000006c3400000, 0x00000006cc200000, 0x000000076bc00000)
  object space 145408K, 11% used [0x00000006c3400000,0x00000006c43d2348,0x00000006cc200000)
 Metaspace       used 43707K, capacity 46284K, committed 46592K, reserved 1089536K
  class space    used 5841K, capacity 6333K, committed 6400K, reserved 1048576K
Event: 11.201 GC heap after
Heap after GC invocations=9 (full 2):
 PSYoungGen      total 170496K, used 14302K [0x000000076bc00000, 0x000000077cb80000, 0x00000007c0000000)
  eden space 154624K, 0% used [0x000000076bc00000,0x000000076bc00000,0x0000000775300000)
  from space 15872K, 90% used [0x0000000775300000,0x00000007760f7bd8,0x0000000776280000)
  to   space 17408K, 0% used [0x000000077ba80000,0x000000077ba80000,0x000000077cb80000)
 ParOldGen       total 145408K, used 16272K [0x00000006c3400000, 0x00000006cc200000, 0x000000076bc00000)
  object space 145408K, 11% used [0x00000006c3400000,0x00000006c43e4358,0x00000006cc200000)
 Metaspace       used 43707K, capacity 46284K, committed 46592K, reserved 1089536K
  class space    used 5841K, capacity 6333K, committed 6400K, reserved 1048576K
}

