# JRE version: Java(TM) SE Runtime Environment (8.0_181-b13) (build 1.8.0_181-b13)
# Java VM: Java HotSpot(TM) 64-Bit Server VM (25.181-b13 mixed mode windows-amd64 compressed oops)
Heap:
 PSYoungGen      total 175104K, used 24794K [0x000000076bc00000, 0x000000077d380000, 0x00000007c0000000)
  eden space 159232K, 6% used [0x000000076bc00000,0x000000076c560530,0x0000000775780000)
  from space 15872K, 95% used [0x0000000775780000,0x00000007766563e0,0x0000000776700000)
  to   space 17408K, 0% used [0x000000077c280000,0x000000077c280000,0x000000077d380000)
 ParOldGen       total 142336K, used 15524K [0x00000006c3400000, 0x00000006cbf00000, 0x000000076bc00000)
  object space 142336K, 10% used [0x00000006c3400000,0x00000006c43292b0,0x00000006cbf00000)
 Metaspace       used 45751K, capacity 48352K, committed 48640K, reserved 1091584K
  class space    used 6061K, capacity 6571K, committed 6656K, reserved 1048576K
GC Heap History (10 events):
Event: 1.813 GC heap before
{Heap before GC invocations=5 (full 1):
 PSYoungGen      total 75776K, used 65024K [0x000000076bc00000, 0x0000000775000000, 0x00000007c0000000)
  eden space 65024K, 100% used [0x000000076bc00000,0x000000076fb80000,0x000000076fb80000)
  from space 10752K, 0% used [0x000000076fb80000,0x000000076fb80000,0x0000000770600000)
  to   space 10752K, 0% used [0x0000000774580000,0x0000000774580000,0x0000000775000000)
 ParOldGen       total 101376K, used 8685K [0x00000006c3400000, 0x00000006c9700000, 0x000000076bc00000)
  object space 101376K, 8% used [0x00000006c3400000,0x00000006c3c7b560,0x00000006c9700000)
 Metaspace       used 23572K, capacity 24958K, committed 25088K, reserved 1071104K
  class space    used 3208K, capacity 3497K, committed 3584K, reserved 1048576K
Event: 1.817 GC heap after
Heap after GC invocations=5 (full 1):
 PSYoungGen      total 109568K, used 6517K [0x000000076bc00000, 0x0000000774c00000, 0x00000007c0000000)
  eden space 102912K, 0% used [0x000000076bc00000,0x000000076bc00000,0x0000000772080000)
  from space 6656K, 97% used [0x0000000774580000,0x0000000774bdd460,0x0000000774c00000)
  to   space 10752K, 0% used [0x0000000773700000,0x0000000773700000,0x0000000774180000)
 ParOldGen       total 101376K, used 8693K [0x00000006c3400000, 0x00000006c9700000, 0x000000076bc00000)
  object space 101376K, 8% used [0x00000006c3400000,0x00000006c3c7d560,0x00000006c9700000)
 Metaspace       used 23572K, capacity 24958K, committed 25088K, reserved 1071104K
  class space    used 3208K, capacity 3497K, committed 3584K, reserved 1048576K
}
Event: 2.698 GC heap before
{Heap before GC invocations=6 (full 1):
 PSYoungGen      total 109568K, used 109429K [0x000000076bc00000, 0x0000000774c00000, 0x00000007c0000000)
  eden space 102912K, 100% used [0x000000076bc00000,0x0000000772080000,0x0000000772080000)
  from space 6656K, 97% used [0x0000000774580000,0x0000000774bdd460,0x0000000774c00000)
  to   space 10752K, 0% used [0x0000000773700000,0x0000000773700000,0x0000000774180000)
 ParOldGen       total 101376K, used 8693K [0x00000006c3400000, 0x00000006c9700000, 0x000000076bc00000)
  object space 101376K, 8% used [0x00000006c3400000,0x00000006c3c7d560,0x00000006c9700000)
 Metaspace       used 32355K, capacity 34342K, committed 34688K, reserved 1079296K
  class space    used 4259K, capacity 4657K, committed 4736K, reserved 1048576K
Event: 2.706 GC heap after
Heap after GC invocations=6 (full 1):
 PSYoungGen      total 136704K, used 10738K [0x000000076bc00000, 0x0000000777700000, 0x00000007c0000000)
  eden space 125952K, 0% used [0x000000076bc00000,0x000000076bc00000,0x0000000773700000)
  from space 10752K, 99% used [0x0000000773700000,0x000000077417cbd0,0x0000000774180000)
  to   space 16384K, 0% used [0x0000000776700000,0x0000000776700000,0x0000000777700000)
 ParOldGen       total 101376K, used 12754K [0x00000006c3400000, 0x00000006c9700000, 0x000000076bc00000)
  object space 101376K, 12% used [0x00000006c3400000,0x00000006c4074910,0x00000006c9700000)
 Metaspace       used 32355K, capacity 34342K, committed 34688K, reserved 1079296K
  class space    used 4259K, capacity 4657K, committed 4736K, reserved 1048576K
}
Event: 2.740 GC heap before
{Heap before GC invocations=7 (full 1):
 PSYoungGen      total 136704K, used 23759K [0x000000076bc00000, 0x0000000777700000, 0x00000007c0000000)
  eden space 125952K, 10% used [0x000000076bc00000,0x000000076c8b72c0,0x0000000773700000)
  from space 10752K, 99% used [0x0000000773700000,0x000000077417cbd0,0x0000000774180000)
  to   space 16384K, 0% used [0x0000000776700000,0x0000000776700000,0x0000000777700000)
 ParOldGen       total 101376K, used 12754K [0x00000006c3400000, 0x00000006c9700000, 0x000000076bc00000)
  object space 101376K, 12% used [0x00000006c3400000,0x00000006c4074910,0x00000006c9700000)
 Metaspace       used 33355K, capacity 35322K, committed 35496K, reserved 1079296K
  class space    used 4374K, capacity 4747K, committed 4864K, reserved 1048576K
Event: 2.745 GC heap after
Heap after GC invocations=7 (full 1):
 PSYoungGen      total 175616K, used 9263K [0x000000076bc00000, 0x000000077b200000, 0x00000007c0000000)
  eden space 159232K, 0% used [0x000000076bc00000,0x000000076bc00000,0x0000000775780000)
  from space 16384K, 56% used [0x0000000776700000,0x000000077700bc70,0x0000000777700000)
  to   space 15872K, 0% used [0x0000000775780000,0x0000000775780000,0x0000000776700000)
 ParOldGen       total 101376K, used 12762K [0x00000006c3400000, 0x00000006c9700000, 0x000000076bc00000)
  object space 101376K, 12% used [0x00000006c3400000,0x00000006c4076910,0x00000006c9700000)
 Metaspace       used 33355K, capacity 35322K, committed 35496K, reserved 1079296K
  class space    used 4374K, capacity 4747K, committed 4864K, reserved 1048576K
}
Event: 2.745 GC heap before
{Heap before GC invocations=8 (full 2):
 PSYoungGen      total 175616K, used 9263K [0x000000076bc00000, 0x000000077b200000, 0x00000007c0000000)
  eden space 159232K, 0% used [0x000000076bc00000,0x000000076bc00000,0x0000000775780000)
  from space 16384K, 56% used [0x0000000776700000,0x000000077700bc70,0x0000000777700000)
  to   space 15872K, 0% used [0x0000000775780000,0x0000000775780000,0x0000000776700000)
 ParOldGen       total 101376K, used 12762K [0x00000006c3400000, 0x00000006c9700000, 0x000000076bc00000)
  object space 101376K, 12% used [0x00000006c3400000,0x00000006c4076910,0x00000006c9700000)
 Metaspace       used 33355K, capacity 35322K, committed 35496K, reserved 1079296K
  class space    used 4374K, capacity 4747K, committed 4864K, reserved 1048576K
Event: 2.791 GC heap after
Heap after GC invocations=8 (full 2):
 PSYoungGen      total 175616K, used 0K [0x000000076bc00000, 0x000000077b200000, 0x00000007c0000000)
  eden space 159232K, 0% used [0x000000076bc00000,0x000000076bc00000,0x0000000775780000)
  from space 16384K, 0% used [0x0000000776700000,0x0000000776700000,0x0000000777700000)
  to   space 15872K, 0% used [0x0000000775780000,0x0000000775780000,0x0000000776700000)
 ParOldGen       total 142336K, used 15444K [0x00000006c3400000, 0x00000006cbf00000, 0x000000076bc00000)
  object space 142336K, 10% used [0x00000006c3400000,0x00000006c43152a0,0x00000006cbf00000)
 Metaspace       used 33355K, capacity 35322K, committed 35496K, reserved 1079296K
  class space    used 4374K, capacity 4747K, committed 4864K, reserved 1048576K
}
Event: 86.992 GC heap before
{Heap before GC invocations=9 (full 2):
 PSYoungGen      total 175616K, used 159232K [0x000000076bc00000, 0x000000077b200000, 0x00000007c0000000)
  eden space 159232K, 100% used [0x000000076bc00000,0x0000000775780000,0x0000000775780000)
  from space 16384K, 0% used [0x0000000776700000,0x0000000776700000,0x0000000777700000)
  to   space 15872K, 0% used [0x0000000775780000,0x0000000775780000,0x0000000776700000)
 ParOldGen       total 142336K, used 15444K [0x00000006c3400000, 0x00000006cbf00000, 0x000000076bc00000)
  object space 142336K, 10% used [0x00000006c3400000,0x00000006c43152a0,0x00000006cbf00000)
 Metaspace       used 44686K, capacity 47354K, committed 47488K, reserved 1089536K
  class space    used 5929K, capacity 6410K, committed 6528K, reserved 1048576K
Event: 87.003 GC heap after
Heap after GC invocations=9 (full 2):
 PSYoungGen      total 175104K, used 15192K [0x000000076bc00000, 0x000000077d380000, 0x00000007c0000000)
  eden space 159232K, 0% used [0x000000076bc00000,0x000000076bc00000,0x0000000775780000)
  from space 15872K, 95% used [0x0000000775780000,0x00000007766563e0,0x0000000776700000)
  to   space 17408K, 0% used [0x000000077c280000,0x000000077c280000,0x000000077d380000)
 ParOldGen       total 142336K, used 15524K [0x00000006c3400000, 0x00000006cbf00000, 0x000000076bc00000)
  object space 142336K, 10% used [0x00000006c3400000,0x00000006c43292b0,0x00000006cbf00000)
 Metaspace       used 44686K, capacity 47354K, committed 47488K, reserved 1089536K
  class space    used 5929K, capacity 6410K, committed 6528K, reserved 1048576K
}

